<?xml version="1.0" encoding="UTF-8"?>
<testng-results skipped="0" failed="37" ignored="3" total="44" passed="4">
  <reporter-output>
  </reporter-output>
  <suite name="Suite" duration-ms="1645791" started-at="2018-09-19T09:09:31Z" finished-at="2018-09-19T09:36:57Z">
    <groups>
    </groups>
    <test name="Test" duration-ms="1645791" started-at="2018-09-19T09:09:31Z" finished-at="2018-09-19T09:36:57Z">
      <class name="com.pellu.sight.patientinfo.Patienttestcase">
        <test-method status="PASS" signature="initialization(java.lang.String)[pri:1, instance:com.pellu.sight.patientinfo.Patienttestcase@1e397ed7]" name="initialization" duration-ms="23139" started-at="2018-09-19T09:09:31Z" finished-at="2018-09-19T09:09:54Z">
          <params>
            <param index="0">
              <value>
                <![CDATA[Full patient registration]]>
              </value>
            </param>
          </params>
          <reporter-output>
          </reporter-output>
        </test-method> <!-- initialization -->
        <test-method status="PASS" signature="closereport()[pri:0, instance:com.pellu.sight.patientinfo.Patienttestcase@1e397ed7]" name="closereport" is-config="true" duration-ms="183" started-at="2018-09-19T09:09:54Z" finished-at="2018-09-19T09:09:55Z">
          <reporter-output>
          </reporter-output>
        </test-method> <!-- closereport -->
        <test-method status="PASS" signature="login(java.lang.String, java.lang.String, java.lang.String)[pri:2, instance:com.pellu.sight.patientinfo.Patienttestcase@1e397ed7]" name="login" duration-ms="27633" started-at="2018-09-19T09:09:55Z" data-provider="login" finished-at="2018-09-19T09:10:23Z">
          <params>
            <param index="0">
              <value>
                <![CDATA[samauto@node.in]]>
              </value>
            </param>
            <param index="1">
              <value>
                <![CDATA[password]]>
              </value>
            </param>
            <param index="2">
              <value>
                <![CDATA[192.168.0.199]]>
              </value>
            </param>
          </params>
          <reporter-output>
          </reporter-output>
        </test-method> <!-- login -->
        <test-method status="PASS" signature="closereport()[pri:0, instance:com.pellu.sight.patientinfo.Patienttestcase@1e397ed7]" name="closereport" is-config="true" duration-ms="69" started-at="2018-09-19T09:10:23Z" finished-at="2018-09-19T09:10:23Z">
          <reporter-output>
          </reporter-output>
        </test-method> <!-- closereport -->
        <test-method status="PASS" signature="campdetailscreen(java.lang.String, java.lang.String, java.lang.String, java.lang.String, java.lang.String, java.lang.String)[pri:3, instance:com.pellu.sight.patientinfo.Patienttestcase@1e397ed7]" name="campdetailscreen" duration-ms="32480" started-at="2018-09-19T09:10:23Z" data-provider="campdetail" finished-at="2018-09-19T09:10:56Z">
          <params>
            <param index="0">
              <value>
                <![CDATA[Camp]]>
              </value>
            </param>
            <param index="1">
              <value>
                <![CDATA[guindy]]>
              </value>
            </param>
            <param index="2">
              <value>
                <![CDATA[19-Sep-2018]]>
              </value>
            </param>
            <param index="3">
              <value>
                <![CDATA[No]]>
              </value>
            </param>
            <param index="4">
              <value>
                <![CDATA[None]]>
              </value>
            </param>
            <param index="5">
              <value>
                <![CDATA[None]]>
              </value>
            </param>
          </params>
          <reporter-output>
          </reporter-output>
        </test-method> <!-- campdetailscreen -->
        <test-method status="PASS" signature="closereport()[pri:0, instance:com.pellu.sight.patientinfo.Patienttestcase@1e397ed7]" name="closereport" is-config="true" duration-ms="69" started-at="2018-09-19T09:10:56Z" finished-at="2018-09-19T09:10:56Z">
          <reporter-output>
          </reporter-output>
        </test-method> <!-- closereport -->
        <test-method status="FAIL" signature="patientregistration(java.util.HashMap)[pri:4, instance:com.pellu.sight.patientinfo.Patienttestcase@1e397ed7]" name="patientregistration" duration-ms="391883" started-at="2018-09-19T09:10:56Z" data-provider="camp" finished-at="2018-09-19T09:17:28Z">
          <params>
            <param index="0">
              <value>
                <![CDATA[{Right eye Un-aided near=-, Address=E3/414, RAJ NAGAR, ADAMBAKKAM, Use Glass=No, If anyother then=Null, Gender=Male, Left eye aided near=-, Type of vehicle=Jeep, Right Colour=Normal, Driving experience=Null, Wear Glass=No, Right eye aided near=-, Glass Right near cyl=+6.25, Not Emplyeed=May, License no=123456791, Lens Type=None, Right eye un-aided Distance=6/9, Patient Name=KARTHICK, Refer for=Null, BMI Weight=53, BP Systolic=190, UID=DEL-005, Aadhaar no=785698632522, Type of route=Interstate, Glass Right near v/a=N36, Caste=OBC, Glass Right distance sph=+6.25, Frame Size=None, Glass Left near axis=180.0, Salary calculated=Distance, Do you want refer=No, Right pinhole=6/9, Type of Coating=None, Glass Right Distance axis=180.0, Left pinhole=6/9, BMI Height=176, Near by hospital=No, Glass Right near sph=+6.25, Monthly Income=5000-10000, Glass Left Distance cyl=+6.25, Alter Skills=Yes, Occupation=Cleaner, Glass Left distance sph=+6.25, Mobile no=7845488305, Glass Left near v/a=N36, Traffic light Colors=Null, Left eye un-aided distance=6/9, Distance Object=No, Alcohol=No, Glass collected at the point=Yes, Smoke=No, Glass Right near axis=180.0, Glass Left near cyl=+6.25, Screen response code=D - Only Near vision problem, Non working months=Take Up Other Work, Left Colour=Normal, Education=Never went to school/can read, Months employed=8, Glass Left near sph=+6.25, Eye examin=No, Taluk=TALUK5, Refer To=Null, Know about camp=Poster or Pamphlet, Happy way=Visiting Places, Glass Right Distance cyl=+6.25, Happy profession=Happy, Left eye aided distance=6/9, State=Arunachal Pradesh, Financial support=NA, Amount paid=None, District=Lower Subansiri, Road accident 12 Months=Null, Glass Left Distance v/a=FCF, Right eye aided Distance=6/9, Blood Sugar=350, Glass Right Distance v/a=FCF, Diabeties=No, Road accident=Null, First aid kit=Yes, Holding back amount=300, Others specify=Null, Alter employment=No, Frame code=None, Glass Left Distance axis=180.0, Renewal year=2021, Age=28, Vehicle insurance=Null, Night driving=Null, Hypertension=No, Health insurance=Yes, Renewal month=05, Medical checkup=No, Distance driving=Null, Glass Collecting point=GUINDY, Treatment for refraction=Distance, Payment Type=None, Left eye Un-aided near=-, Life insurance=Yes, Type of hospital=Null}]]>
              </value>
            </param>
          </params>
          <exception class="java.lang.AssertionError">
            <message>
              <![CDATA[The following asserts failed:
expected [Alterskill: true] but found [Alterskill: false]]]>
            </message>
            <full-stacktrace>
              <![CDATA[java.lang.AssertionError: The following asserts failed:
expected [Alterskill: true] but found [Alterskill: false]
at org.testng.asserts.SoftAssert.assertAll(SoftAssert.java:43)
at com.pellu.sight.patientinfo.Patienttestcase.patientregistration(Patienttestcase.java:76)
at sun.reflect.NativeMethodAccessorImpl.invoke0(Native Method)
at sun.reflect.NativeMethodAccessorImpl.invoke(NativeMethodAccessorImpl.java:62)
at sun.reflect.DelegatingMethodAccessorImpl.invoke(DelegatingMethodAccessorImpl.java:43)
at java.lang.reflect.Method.invoke(Method.java:498)
at org.testng.internal.MethodInvocationHelper.invokeMethod(MethodInvocationHelper.java:124)
at org.testng.internal.Invoker.invokeMethod(Invoker.java:583)
at org.testng.internal.Invoker.invokeTestMethod(Invoker.java:719)
at org.testng.internal.Invoker.invokeTestMethods(Invoker.java:989)
at org.testng.internal.TestMethodWorker.invokeTestMethods(TestMethodWorker.java:125)
at org.testng.internal.TestMethodWorker.run(TestMethodWorker.java:109)
at org.testng.TestRunner.privateRun(TestRunner.java:648)
at org.testng.TestRunner.run(TestRunner.java:505)
at org.testng.SuiteRunner.runTest(SuiteRunner.java:455)
at org.testng.SuiteRunner.runSequentially(SuiteRunner.java:450)
at org.testng.SuiteRunner.privateRun(SuiteRunner.java:415)
at org.testng.SuiteRunner.run(SuiteRunner.java:364)
at org.testng.SuiteRunnerWorker.runSuite(SuiteRunnerWorker.java:52)
at org.testng.SuiteRunnerWorker.run(SuiteRunnerWorker.java:84)
at org.testng.TestNG.runSuitesSequentially(TestNG.java:1208)
at org.testng.TestNG.runSuitesLocally(TestNG.java:1137)
at org.testng.TestNG.runSuites(TestNG.java:1049)
at org.testng.TestNG.run(TestNG.java:1017)
at org.testng.remote.AbstractRemoteTestNG.run(AbstractRemoteTestNG.java:114)
at org.testng.remote.RemoteTestNG.initAndRun(RemoteTestNG.java:251)
at org.testng.remote.RemoteTestNG.main(RemoteTestNG.java:77)
]]>
            </full-stacktrace>
          </exception> <!-- java.lang.AssertionError -->
          <reporter-output>
          </reporter-output>
        </test-method> <!-- patientregistration -->
        <test-method status="PASS" signature="closereport()[pri:0, instance:com.pellu.sight.patientinfo.Patienttestcase@1e397ed7]" name="closereport" is-config="true" duration-ms="31" started-at="2018-09-19T09:17:29Z" finished-at="2018-09-19T09:17:29Z">
          <reporter-output>
          </reporter-output>
        </test-method> <!-- closereport -->
        <test-method status="PASS" signature="patientregistration(java.util.HashMap)[pri:4, instance:com.pellu.sight.patientinfo.Patienttestcase@1e397ed7]" name="patientregistration" duration-ms="427596" started-at="2018-09-19T09:17:29Z" data-provider="camp" finished-at="2018-09-19T09:24:36Z">
          <params>
            <param index="0">
              <value>
                <![CDATA[{Right eye Un-aided near=N8, Address=E3/414, RAJ NAGAR, ADAMBAKKAM, Use Glass=Yes, If anyother then=Null, Gender=Male, Left eye aided near=N8, Type of vehicle=Truck, Right Colour=Normal, Driving experience=10, Wear Glass=Yes, Right eye aided near=N8, Glass Right near cyl=-6.25, Not Emplyeed=Jan, License no=123456789, Lens Type=None, Right eye un-aided Distance=-, Patient Name=VEERA, Refer for=Null, BMI Weight=75, BP Systolic=70, UID=DEL-001, Aadhaar no=785698632522, Type of route=Others, Glass Right near v/a=N1, Caste=SC, Glass Right distance sph=-6.25, Frame Size=None, Glass Left near axis=20.0, Salary calculated=Monthly, Do you want refer=No, Right pinhole=-, Type of Coating=None, Glass Right Distance axis=10.0, Left pinhole=-, BMI Height=172, Near by hospital=Yes, Glass Right near sph=-6.25, Monthly Income=<3000, Glass Left Distance cyl=-6.25, Alter Skills=No, Occupation=Driver, Glass Left distance sph=-6.25, Mobile no=7845488305, Glass Left near v/a=N1, Traffic light Colors=Yes, Left eye un-aided distance=-, Distance Object=Yes, Alcohol=Yes, Glass collected at the point=Yes, Smoke=Yes, Glass Right near axis=20.0, Glass Left near cyl=-6.25, Screen response code=C - Only Distance vision problem, Non working months=Nothing, Left Colour=Normal, Education=Primary, Months employed=10, Glass Left near sph=-6.25, Eye examin=Yes, Taluk=TALUK1, Refer To=Null, Know about camp=Camp organizer, Happy way=Adequate Income, Glass Right Distance cyl=-6.25, Happy profession=Happy, Left eye aided distance=-, State=Kerala, Financial support=NA, Amount paid=None, District=Kollam, Road accident 12 Months=Yes, Glass Left Distance v/a=6/60, Right eye aided Distance=-, Blood Sugar=125, Glass Right Distance v/a=6/60, Diabeties=Yes, Road accident=Yes, First aid kit=NA, Holding back amount=500, Others specify=Null, Alter employment=Yes, Frame code=None, Glass Left Distance axis=20.0, Renewal year=2017, Age=18, Vehicle insurance=Yes, Night driving=Yes, Hypertension=Yes, Health insurance=No, Renewal month=01, Medical checkup=Yes, Distance driving=Yes, Glass Collecting point=GUINDY, Treatment for refraction=Distance, Payment Type=None, Left eye Un-aided near=N8, Life insurance=Yes, Type of hospital=Pvt}]]>
              </value>
            </param>
          </params>
          <reporter-output>
          </reporter-output>
        </test-method> <!-- patientregistration -->
        <test-method status="PASS" signature="closereport()[pri:0, instance:com.pellu.sight.patientinfo.Patienttestcase@1e397ed7]" name="closereport" is-config="true" duration-ms="69" started-at="2018-09-19T09:24:36Z" finished-at="2018-09-19T09:24:37Z">
          <reporter-output>
          </reporter-output>
        </test-method> <!-- closereport -->
        <test-method status="FAIL" signature="patientregistration(java.util.HashMap)[pri:4, instance:com.pellu.sight.patientinfo.Patienttestcase@1e397ed7]" name="patientregistration" duration-ms="262329" started-at="2018-09-19T09:24:37Z" data-provider="camp" finished-at="2018-09-19T09:28:59Z">
          <params>
            <param index="0">
              <value>
                <![CDATA[{Right eye Un-aided near=-, Address=E3/414, RAJ NAGAR, ADAMBAKKAM, Use Glass=No, If anyother then=Null, Gender=Female, Left eye aided near=-, Type of vehicle=Cabs/Taxis, Right Colour=-, Driving experience=8, Wear Glass=No, Right eye aided near=-, Glass Right near cyl=-, Not Emplyeed=Feb, License no=123456793, Lens Type=-, Right eye un-aided Distance=-, Patient Name=MARI, Refer for=-, BMI Weight=75, BP Systolic=70, UID=DEL-002, Aadhaar no=785698632522, Type of route=Combinations, Glass Right near v/a=-, Caste=General, Glass Right distance sph=-, Frame Size=-, Glass Left near axis=-, Salary calculated=Weekly, Do you want refer=-, Right pinhole=-, Type of Coating=-, Glass Right Distance axis=-, Left pinhole=-, BMI Height=172, Near by hospital=No, Glass Right near sph=-, Monthly Income=<3000, Glass Left Distance cyl=-, Alter Skills=Yes, Occupation=Driver, Glass Left distance sph=-, Mobile no=7845488305, Glass Left near v/a=-, Traffic light Colors=No, Left eye un-aided distance=-, Distance Object=No, Alcohol=No, Glass collected at the point=-, Smoke=No, Glass Right near axis=-, Glass Left near cyl=-, Screen response code=A - Screening negative Asymptomatic, Non working months=Take Up Other Work, Left Colour=-, Education=Secondary, Months employed=6, Glass Left near sph=-, Eye examin=No, Taluk=TALUK2, Refer To=-, Know about camp=Truck company, Happy way=Null, Glass Right Distance cyl=-, Happy profession=Somewhat Happy, Left eye aided distance=-, State=Karnataka, Financial support=Yes, Amount paid=-, District=Bengaluru Rural, Road accident 12 Months=No, Glass Left Distance v/a=-, Right eye aided Distance=-, Blood Sugar=125, Glass Right Distance v/a=-, Diabeties=No, Road accident=No, First aid kit=Yes, Holding back amount=10, Others specify=Null, Alter employment=Yes, Frame code=-, Glass Left Distance axis=-, Renewal year=2018, Age=58, Vehicle insurance=No, Night driving=No, Hypertension=No, Health insurance=Yes, Renewal month=02, Medical checkup=No, Distance driving=No, Glass Collecting point=-, Treatment for refraction=-, Payment Type=-, Left eye Un-aided near=-, Life insurance=No, Type of hospital=Null}]]>
              </value>
            </param>
          </params>
          <exception class="java.lang.AssertionError">
            <message>
              <![CDATA[The following asserts failed:
expected [Firstaidkit: true] but found [Firstaidkit: false]]]>
            </message>
            <full-stacktrace>
              <![CDATA[java.lang.AssertionError: The following asserts failed:
expected [Firstaidkit: true] but found [Firstaidkit: false]
at org.testng.asserts.SoftAssert.assertAll(SoftAssert.java:43)
at com.pellu.sight.patientinfo.Patienttestcase.patientregistration(Patienttestcase.java:76)
at sun.reflect.NativeMethodAccessorImpl.invoke0(Native Method)
at sun.reflect.NativeMethodAccessorImpl.invoke(NativeMethodAccessorImpl.java:62)
at sun.reflect.DelegatingMethodAccessorImpl.invoke(DelegatingMethodAccessorImpl.java:43)
at java.lang.reflect.Method.invoke(Method.java:498)
at org.testng.internal.MethodInvocationHelper.invokeMethod(MethodInvocationHelper.java:124)
at org.testng.internal.Invoker.invokeMethod(Invoker.java:583)
at org.testng.internal.Invoker.invokeTestMethod(Invoker.java:719)
at org.testng.internal.Invoker.invokeTestMethods(Invoker.java:989)
at org.testng.internal.TestMethodWorker.invokeTestMethods(TestMethodWorker.java:125)
at org.testng.internal.TestMethodWorker.run(TestMethodWorker.java:109)
at org.testng.TestRunner.privateRun(TestRunner.java:648)
at org.testng.TestRunner.run(TestRunner.java:505)
at org.testng.SuiteRunner.runTest(SuiteRunner.java:455)
at org.testng.SuiteRunner.runSequentially(SuiteRunner.java:450)
at org.testng.SuiteRunner.privateRun(SuiteRunner.java:415)
at org.testng.SuiteRunner.run(SuiteRunner.java:364)
at org.testng.SuiteRunnerWorker.runSuite(SuiteRunnerWorker.java:52)
at org.testng.SuiteRunnerWorker.run(SuiteRunnerWorker.java:84)
at org.testng.TestNG.runSuitesSequentially(TestNG.java:1208)
at org.testng.TestNG.runSuitesLocally(TestNG.java:1137)
at org.testng.TestNG.runSuites(TestNG.java:1049)
at org.testng.TestNG.run(TestNG.java:1017)
at org.testng.remote.AbstractRemoteTestNG.run(AbstractRemoteTestNG.java:114)
at org.testng.remote.RemoteTestNG.initAndRun(RemoteTestNG.java:251)
at org.testng.remote.RemoteTestNG.main(RemoteTestNG.java:77)
]]>
            </full-stacktrace>
          </exception> <!-- java.lang.AssertionError -->
          <reporter-output>
          </reporter-output>
        </test-method> <!-- patientregistration -->
        <test-method status="PASS" signature="closereport()[pri:0, instance:com.pellu.sight.patientinfo.Patienttestcase@1e397ed7]" name="closereport" is-config="true" duration-ms="31" started-at="2018-09-19T09:29:00Z" finished-at="2018-09-19T09:29:00Z">
          <reporter-output>
          </reporter-output>
        </test-method> <!-- closereport -->
        <test-method status="FAIL" signature="patientregistration(java.util.HashMap)[pri:4, instance:com.pellu.sight.patientinfo.Patienttestcase@1e397ed7]" name="patientregistration" duration-ms="41160" started-at="2018-09-19T09:29:00Z" data-provider="camp" finished-at="2018-09-19T09:29:41Z">
          <params>
            <param index="0">
              <value>
                <![CDATA[{Right eye Un-aided near=N8, Address=E3/414, RAJ NAGAR, ADAMBAKKAM, Use Glass=NA, If anyother then=Null, Gender=Male, Left eye aided near=N8, Type of vehicle=Bus, Right Colour=Normal, Driving experience=7, Wear Glass=NA, Right eye aided near=N8, Glass Right near cyl=-, Not Emplyeed=Mar, License no=123456797, Lens Type=-, Right eye un-aided Distance=6/9, Patient Name=ESAN, Refer for=Glaucoma, BMI Weight=45, BP Systolic=100, UID=DEL-003, Aadhaar no=785698632522, Type of route=Combinations, Glass Right near v/a=-, Caste=BC, Glass Right distance sph=-, Frame Size=-, Glass Left near axis=-, Salary calculated=Daily, Do you want refer=Yes, Right pinhole=6/9, Type of Coating=-, Glass Right Distance axis=-, Left pinhole=6/9, BMI Height=172, Near by hospital=NA, Glass Right near sph=-, Monthly Income=5000-10000, Glass Left Distance cyl=-, Alter Skills=No, Occupation=Driver, Glass Left distance sph=-, Mobile no=7845488305, Glass Left near v/a=-, Traffic light Colors=NA, Left eye un-aided distance=6/9, Distance Object=NA, Alcohol=NA, Glass collected at the point=-, Smoke=NA, Glass Right near axis=-, Glass Left near cyl=-, Screen response code=B - Screening negative but Symptomatic, Non working months=Others, Left Colour=Normal, Education=Higher Sec., Months employed=2, Glass Left near sph=-, Eye examin=NA, Taluk=TALUK3, Refer To=Hospital, Know about camp=Other drivers, Happy way=Null, Glass Right Distance cyl=-, Happy profession=Not Happy, Left eye aided distance=6/9, State=Tamil Nadu, Financial support=No, Amount paid=-, District=Chennai, Road accident 12 Months=NA, Glass Left Distance v/a=-, Right eye aided Distance=6/9, Blood Sugar=450, Glass Right Distance v/a=-, Diabeties=NA, Road accident=NA, First aid kit=No, Holding back amount=100, Others specify=Null, Alter employment=No, Frame code=-, Glass Left Distance axis=-, Renewal year=2019, Age=48, Vehicle insurance=Yes, Night driving=NA, Hypertension=NA, Health insurance=No, Renewal month=03, Medical checkup=NA, Distance driving=NA, Glass Collecting point=-, Treatment for refraction=Bi-focal, Payment Type=-, Left eye Un-aided near=N8, Life insurance=Yes, Type of hospital=Null}]]>
              </value>
            </param>
          </params>
          <exception class="org.openqa.selenium.TimeoutException">
            <message>
              <![CDATA[Expected condition failed: waiting for visibility of element located by By.className: android.widget.ImageButton (tried for 35 second(s) with 500 milliseconds interval)]]>
            </message>
            <full-stacktrace>
              <![CDATA[org.openqa.selenium.TimeoutException: Expected condition failed: waiting for visibility of element located by By.className: android.widget.ImageButton (tried for 35 second(s) with 500 milliseconds interval)
at org.openqa.selenium.support.ui.WebDriverWait.timeoutException(WebDriverWait.java:81)
at org.openqa.selenium.support.ui.FluentWait.until(FluentWait.java:271)
at com.pellu.sight.patientinfopage.Patienttestpage.worklistregistration(Patienttestpage.java:117)
at com.pellu.sight.patientinfo.Patienttestcase.registrationscreen(Patienttestcase.java:124)
at com.pellu.sight.patientinfo.Patienttestcase.patientregistration(Patienttestcase.java:62)
at sun.reflect.NativeMethodAccessorImpl.invoke0(Native Method)
at sun.reflect.NativeMethodAccessorImpl.invoke(NativeMethodAccessorImpl.java:62)
at sun.reflect.DelegatingMethodAccessorImpl.invoke(DelegatingMethodAccessorImpl.java:43)
at java.lang.reflect.Method.invoke(Method.java:498)
at org.testng.internal.MethodInvocationHelper.invokeMethod(MethodInvocationHelper.java:124)
at org.testng.internal.Invoker.invokeMethod(Invoker.java:583)
at org.testng.internal.Invoker.invokeTestMethod(Invoker.java:719)
at org.testng.internal.Invoker.invokeTestMethods(Invoker.java:989)
at org.testng.internal.TestMethodWorker.invokeTestMethods(TestMethodWorker.java:125)
at org.testng.internal.TestMethodWorker.run(TestMethodWorker.java:109)
at org.testng.TestRunner.privateRun(TestRunner.java:648)
at org.testng.TestRunner.run(TestRunner.java:505)
at org.testng.SuiteRunner.runTest(SuiteRunner.java:455)
at org.testng.SuiteRunner.runSequentially(SuiteRunner.java:450)
at org.testng.SuiteRunner.privateRun(SuiteRunner.java:415)
at org.testng.SuiteRunner.run(SuiteRunner.java:364)
at org.testng.SuiteRunnerWorker.runSuite(SuiteRunnerWorker.java:52)
at org.testng.SuiteRunnerWorker.run(SuiteRunnerWorker.java:84)
at org.testng.TestNG.runSuitesSequentially(TestNG.java:1208)
at org.testng.TestNG.runSuitesLocally(TestNG.java:1137)
at org.testng.TestNG.runSuites(TestNG.java:1049)
at org.testng.TestNG.run(TestNG.java:1017)
at org.testng.remote.AbstractRemoteTestNG.run(AbstractRemoteTestNG.java:114)
at org.testng.remote.RemoteTestNG.initAndRun(RemoteTestNG.java:251)
at org.testng.remote.RemoteTestNG.main(RemoteTestNG.java:77)
Caused by: org.openqa.selenium.NoSuchElementException: Cannot locate an element using By.className: android.widget.ImageButton
For documentation on this error, please visit: http://seleniumhq.org/exceptions/no_such_element.html
Build info: version: '3.11.0', revision: 'e59cfb3', time: '2018-03-11T20:26:55.152Z'
System info: host: 'DESKTOP-KPGOHHF', ip: '192.168.195.1', os.name: 'Windows 10', os.arch: 'amd64', os.version: '10.0', java.version: '1.8.0_144'
Driver info: driver.version: unknown
at org.openqa.selenium.support.ui.ExpectedConditions.lambda$findElement$0(ExpectedConditions.java:896)
at java.util.Optional.orElseThrow(Optional.java:290)
at org.openqa.selenium.support.ui.ExpectedConditions.findElement(ExpectedConditions.java:895)
at org.openqa.selenium.support.ui.ExpectedConditions.access$000(ExpectedConditions.java:44)
at org.openqa.selenium.support.ui.ExpectedConditions$7.apply(ExpectedConditions.java:206)
at org.openqa.selenium.support.ui.ExpectedConditions$7.apply(ExpectedConditions.java:202)
at org.openqa.selenium.support.ui.FluentWait.until(FluentWait.java:248)
... 28 more
]]>
            </full-stacktrace>
          </exception> <!-- org.openqa.selenium.TimeoutException -->
          <reporter-output>
          </reporter-output>
        </test-method> <!-- patientregistration -->
        <test-method status="PASS" signature="closereport()[pri:0, instance:com.pellu.sight.patientinfo.Patienttestcase@1e397ed7]" name="closereport" is-config="true" duration-ms="31" started-at="2018-09-19T09:29:42Z" finished-at="2018-09-19T09:29:43Z">
          <reporter-output>
          </reporter-output>
        </test-method> <!-- closereport -->
        <test-method status="FAIL" signature="patientregistration(java.util.HashMap)[pri:4, instance:com.pellu.sight.patientinfo.Patienttestcase@1e397ed7]" name="patientregistration" duration-ms="41562" started-at="2018-09-19T09:29:43Z" data-provider="camp" finished-at="2018-09-19T09:30:24Z">
          <params>
            <param index="0">
              <value>
                <![CDATA[{Right eye Un-aided near=N8, Address=E3/414, RAJ NAGAR, ADAMBAKKAM, Use Glass=Yes, If anyother then=Null, Gender=Male, Left eye aided near=N8, Type of vehicle=Car, Right Colour=Normal, Driving experience=Null, Wear Glass=Yes, Right eye aided near=N8, Glass Right near cyl=-6.25, Not Emplyeed=Apr, License no=123456790, Lens Type=None, Right eye un-aided Distance=-, Patient Name=RAM, Refer for=Diabetic Retinopathy, BMI Weight=52, BP Systolic=130, UID=DEL-004, Aadhaar no=785698632522, Type of route=Intrastate, Glass Right near v/a=N1, Caste=ST, Glass Right distance sph=-6.25, Frame Size=None, Glass Left near axis=20.0, Salary calculated=Per Trip, Do you want refer=Yes, Right pinhole=-, Type of Coating=None, Glass Right Distance axis=10.0, Left pinhole=-, BMI Height=179, Near by hospital=Yes, Glass Right near sph=-6.25, Monthly Income=3000-5000, Glass Left Distance cyl=-6.25, Alter Skills=NA, Occupation=Others, Glass Left distance sph=-6.25, Mobile no=7845488305, Glass Left near v/a=N1, Traffic light Colors=Null, Left eye un-aided distance=-, Distance Object=Yes, Alcohol=Yes, Glass collected at the point=Yes, Smoke=Yes, Glass Right near axis=20.0, Glass Left near cyl=-6.25, Screen response code=C - Only Distance vision problem, Non working months=Nothing, Left Colour=Normal, Education=Never went to school/cannot read, Months employed=9, Glass Left near sph=-6.25, Eye examin=Yes, Taluk=TALUK4, Refer To=Hospital, Know about camp=Project staff, Happy way=Adequate Freedom, Glass Right Distance cyl=-6.25, Happy profession=Happy, Left eye aided distance=-, State=Andhra Pradesh, Financial support=NA, Amount paid=None, District=Kurnool, Road accident 12 Months=Null, Glass Left Distance v/a=6/60, Right eye aided Distance=-, Blood Sugar=250, Glass Right Distance v/a=6/60, Diabeties=Yes, Road accident=Null, First aid kit=NA, Holding back amount=200, Others specify=Null, Alter employment=NA, Frame code=None, Glass Left Distance axis=20.0, Renewal year=2020, Age=19, Vehicle insurance=Null, Night driving=Null, Hypertension=Yes, Health insurance=Not Known, Renewal month=04, Medical checkup=Yes, Distance driving=Null, Glass Collecting point=GUINDY, Treatment for refraction=Distance, Payment Type=None, Left eye Un-aided near=N8, Life insurance=No, Type of hospital=Govt}]]>
              </value>
            </param>
          </params>
          <exception class="org.openqa.selenium.TimeoutException">
            <message>
              <![CDATA[Expected condition failed: waiting for visibility of element located by By.className: android.widget.ImageButton (tried for 35 second(s) with 500 milliseconds interval)]]>
            </message>
            <full-stacktrace>
              <![CDATA[org.openqa.selenium.TimeoutException: Expected condition failed: waiting for visibility of element located by By.className: android.widget.ImageButton (tried for 35 second(s) with 500 milliseconds interval)
at org.openqa.selenium.support.ui.WebDriverWait.timeoutException(WebDriverWait.java:81)
at org.openqa.selenium.support.ui.FluentWait.until(FluentWait.java:271)
at com.pellu.sight.patientinfopage.Patienttestpage.worklistregistration(Patienttestpage.java:117)
at com.pellu.sight.patientinfo.Patienttestcase.registrationscreen(Patienttestcase.java:124)
at com.pellu.sight.patientinfo.Patienttestcase.patientregistration(Patienttestcase.java:62)
at sun.reflect.NativeMethodAccessorImpl.invoke0(Native Method)
at sun.reflect.NativeMethodAccessorImpl.invoke(NativeMethodAccessorImpl.java:62)
at sun.reflect.DelegatingMethodAccessorImpl.invoke(DelegatingMethodAccessorImpl.java:43)
at java.lang.reflect.Method.invoke(Method.java:498)
at org.testng.internal.MethodInvocationHelper.invokeMethod(MethodInvocationHelper.java:124)
at org.testng.internal.Invoker.invokeMethod(Invoker.java:583)
at org.testng.internal.Invoker.invokeTestMethod(Invoker.java:719)
at org.testng.internal.Invoker.invokeTestMethods(Invoker.java:989)
at org.testng.internal.TestMethodWorker.invokeTestMethods(TestMethodWorker.java:125)
at org.testng.internal.TestMethodWorker.run(TestMethodWorker.java:109)
at org.testng.TestRunner.privateRun(TestRunner.java:648)
at org.testng.TestRunner.run(TestRunner.java:505)
at org.testng.SuiteRunner.runTest(SuiteRunner.java:455)
at org.testng.SuiteRunner.runSequentially(SuiteRunner.java:450)
at org.testng.SuiteRunner.privateRun(SuiteRunner.java:415)
at org.testng.SuiteRunner.run(SuiteRunner.java:364)
at org.testng.SuiteRunnerWorker.runSuite(SuiteRunnerWorker.java:52)
at org.testng.SuiteRunnerWorker.run(SuiteRunnerWorker.java:84)
at org.testng.TestNG.runSuitesSequentially(TestNG.java:1208)
at org.testng.TestNG.runSuitesLocally(TestNG.java:1137)
at org.testng.TestNG.runSuites(TestNG.java:1049)
at org.testng.TestNG.run(TestNG.java:1017)
at org.testng.remote.AbstractRemoteTestNG.run(AbstractRemoteTestNG.java:114)
at org.testng.remote.RemoteTestNG.initAndRun(RemoteTestNG.java:251)
at org.testng.remote.RemoteTestNG.main(RemoteTestNG.java:77)
Caused by: org.openqa.selenium.NoSuchElementException: Cannot locate an element using By.className: android.widget.ImageButton
For documentation on this error, please visit: http://seleniumhq.org/exceptions/no_such_element.html
Build info: version: '3.11.0', revision: 'e59cfb3', time: '2018-03-11T20:26:55.152Z'
System info: host: 'DESKTOP-KPGOHHF', ip: '192.168.195.1', os.name: 'Windows 10', os.arch: 'amd64', os.version: '10.0', java.version: '1.8.0_144'
Driver info: driver.version: unknown
at org.openqa.selenium.support.ui.ExpectedConditions.lambda$findElement$0(ExpectedConditions.java:896)
at java.util.Optional.orElseThrow(Optional.java:290)
at org.openqa.selenium.support.ui.ExpectedConditions.findElement(ExpectedConditions.java:895)
at org.openqa.selenium.support.ui.ExpectedConditions.access$000(ExpectedConditions.java:44)
at org.openqa.selenium.support.ui.ExpectedConditions$7.apply(ExpectedConditions.java:206)
at org.openqa.selenium.support.ui.ExpectedConditions$7.apply(ExpectedConditions.java:202)
at org.openqa.selenium.support.ui.FluentWait.until(FluentWait.java:248)
... 28 more
]]>
            </full-stacktrace>
          </exception> <!-- org.openqa.selenium.TimeoutException -->
          <reporter-output>
          </reporter-output>
        </test-method> <!-- patientregistration -->
        <test-method status="PASS" signature="closereport()[pri:0, instance:com.pellu.sight.patientinfo.Patienttestcase@1e397ed7]" name="closereport" is-config="true" duration-ms="38" started-at="2018-09-19T09:30:25Z" finished-at="2018-09-19T09:30:25Z">
          <reporter-output>
          </reporter-output>
        </test-method> <!-- closereport -->
        <test-method status="FAIL" signature="patientregistration(java.util.HashMap)[pri:4, instance:com.pellu.sight.patientinfo.Patienttestcase@1e397ed7]" name="patientregistration" duration-ms="41260" started-at="2018-09-19T09:30:25Z" data-provider="camp" finished-at="2018-09-19T09:31:07Z">
          <params>
            <param index="0">
              <value>
                <![CDATA[{Right eye Un-aided near=N8, Address=E3/414, RAJ NAGAR, ADAMBAKKAM, Use Glass=NA, If anyother then=Ramar clinics, Gender=Male, Left eye aided near=N8, Type of vehicle=Bus, Right Colour=-, Driving experience=Null, Wear Glass=NA, Right eye aided near=N8, Glass Right near cyl=-, Not Emplyeed=Jun, License no=123456792, Lens Type=-, Right eye un-aided Distance=6/9, Patient Name=SIVA, Refer for=Any Other, BMI Weight=61, BP Systolic=180, UID=DEL-006, Aadhaar no=785698632522, Type of route=within city, Glass Right near v/a=-, Caste=BC, Glass Right distance sph=-, Frame Size=-, Glass Left near axis=-, Salary calculated=Monthly, Do you want refer=Yes, Right pinhole=6/9, Type of Coating=-, Glass Right Distance axis=-, Left pinhole=6/9, BMI Height=179, Near by hospital=NA, Glass Right near sph=-, Monthly Income=>10000, Glass Left Distance cyl=-, Alter Skills=No, Occupation=Mechanic, Glass Left distance sph=-, Mobile no=7845488305, Glass Left near v/a=-, Traffic light Colors=Null, Left eye un-aided distance=6/9, Distance Object=NA, Alcohol=NA, Glass collected at the point=-, Smoke=NA, Glass Right near axis=-, Glass Left near cyl=-, Screen response code=E - Only Color vision problem, Non working months=Others, Left Colour=-, Education=Upper primary, Months employed=7, Glass Left near sph=-, Eye examin=NA, Taluk=TALUK6, Refer To=Hospital, Know about camp=Other, Happy way=Adequate Friends, Glass Right Distance cyl=-, Happy profession=Happy, Left eye aided distance=6/9, State=Jammu and Kashmir, Financial support=Yes, Amount paid=-, District=Kargil, Road accident 12 Months=Null, Glass Left Distance v/a=-, Right eye aided Distance=6/9, Blood Sugar=450, Glass Right Distance v/a=-, Diabeties=NA, Road accident=Null, First aid kit=No, Holding back amount=400, Others specify=Null, Alter employment=NA, Frame code=-, Glass Left Distance axis=-, Renewal year=2022, Age=38, Vehicle insurance=Null, Night driving=Null, Hypertension=NA, Health insurance=No, Renewal month=06, Medical checkup=NA, Distance driving=Null, Glass Collecting point=-, Treatment for refraction=Near, Payment Type=-, Left eye Un-aided near=N8, Life insurance=No, Type of hospital=Null}]]>
              </value>
            </param>
          </params>
          <exception class="org.openqa.selenium.TimeoutException">
            <message>
              <![CDATA[Expected condition failed: waiting for visibility of element located by By.className: android.widget.ImageButton (tried for 35 second(s) with 500 milliseconds interval)]]>
            </message>
            <full-stacktrace>
              <![CDATA[org.openqa.selenium.TimeoutException: Expected condition failed: waiting for visibility of element located by By.className: android.widget.ImageButton (tried for 35 second(s) with 500 milliseconds interval)
at org.openqa.selenium.support.ui.WebDriverWait.timeoutException(WebDriverWait.java:81)
at org.openqa.selenium.support.ui.FluentWait.until(FluentWait.java:271)
at com.pellu.sight.patientinfopage.Patienttestpage.worklistregistration(Patienttestpage.java:117)
at com.pellu.sight.patientinfo.Patienttestcase.registrationscreen(Patienttestcase.java:124)
at com.pellu.sight.patientinfo.Patienttestcase.patientregistration(Patienttestcase.java:62)
at sun.reflect.NativeMethodAccessorImpl.invoke0(Native Method)
at sun.reflect.NativeMethodAccessorImpl.invoke(NativeMethodAccessorImpl.java:62)
at sun.reflect.DelegatingMethodAccessorImpl.invoke(DelegatingMethodAccessorImpl.java:43)
at java.lang.reflect.Method.invoke(Method.java:498)
at org.testng.internal.MethodInvocationHelper.invokeMethod(MethodInvocationHelper.java:124)
at org.testng.internal.Invoker.invokeMethod(Invoker.java:583)
at org.testng.internal.Invoker.invokeTestMethod(Invoker.java:719)
at org.testng.internal.Invoker.invokeTestMethods(Invoker.java:989)
at org.testng.internal.TestMethodWorker.invokeTestMethods(TestMethodWorker.java:125)
at org.testng.internal.TestMethodWorker.run(TestMethodWorker.java:109)
at org.testng.TestRunner.privateRun(TestRunner.java:648)
at org.testng.TestRunner.run(TestRunner.java:505)
at org.testng.SuiteRunner.runTest(SuiteRunner.java:455)
at org.testng.SuiteRunner.runSequentially(SuiteRunner.java:450)
at org.testng.SuiteRunner.privateRun(SuiteRunner.java:415)
at org.testng.SuiteRunner.run(SuiteRunner.java:364)
at org.testng.SuiteRunnerWorker.runSuite(SuiteRunnerWorker.java:52)
at org.testng.SuiteRunnerWorker.run(SuiteRunnerWorker.java:84)
at org.testng.TestNG.runSuitesSequentially(TestNG.java:1208)
at org.testng.TestNG.runSuitesLocally(TestNG.java:1137)
at org.testng.TestNG.runSuites(TestNG.java:1049)
at org.testng.TestNG.run(TestNG.java:1017)
at org.testng.remote.AbstractRemoteTestNG.run(AbstractRemoteTestNG.java:114)
at org.testng.remote.RemoteTestNG.initAndRun(RemoteTestNG.java:251)
at org.testng.remote.RemoteTestNG.main(RemoteTestNG.java:77)
Caused by: org.openqa.selenium.NoSuchElementException: Cannot locate an element using By.className: android.widget.ImageButton
For documentation on this error, please visit: http://seleniumhq.org/exceptions/no_such_element.html
Build info: version: '3.11.0', revision: 'e59cfb3', time: '2018-03-11T20:26:55.152Z'
System info: host: 'DESKTOP-KPGOHHF', ip: '192.168.195.1', os.name: 'Windows 10', os.arch: 'amd64', os.version: '10.0', java.version: '1.8.0_144'
Driver info: driver.version: unknown
at org.openqa.selenium.support.ui.ExpectedConditions.lambda$findElement$0(ExpectedConditions.java:896)
at java.util.Optional.orElseThrow(Optional.java:290)
at org.openqa.selenium.support.ui.ExpectedConditions.findElement(ExpectedConditions.java:895)
at org.openqa.selenium.support.ui.ExpectedConditions.access$000(ExpectedConditions.java:44)
at org.openqa.selenium.support.ui.ExpectedConditions$7.apply(ExpectedConditions.java:206)
at org.openqa.selenium.support.ui.ExpectedConditions$7.apply(ExpectedConditions.java:202)
at org.openqa.selenium.support.ui.FluentWait.until(FluentWait.java:248)
... 28 more
]]>
            </full-stacktrace>
          </exception> <!-- org.openqa.selenium.TimeoutException -->
          <reporter-output>
          </reporter-output>
        </test-method> <!-- patientregistration -->
        <test-method status="PASS" signature="closereport()[pri:0, instance:com.pellu.sight.patientinfo.Patienttestcase@1e397ed7]" name="closereport" is-config="true" duration-ms="31" started-at="2018-09-19T09:31:08Z" finished-at="2018-09-19T09:31:08Z">
          <reporter-output>
          </reporter-output>
        </test-method> <!-- closereport -->
        <test-method status="FAIL" signature="patientregistration(java.util.HashMap)[pri:4, instance:com.pellu.sight.patientinfo.Patienttestcase@1e397ed7]" name="patientregistration" duration-ms="40816" started-at="2018-09-19T09:31:08Z" data-provider="camp" finished-at="2018-09-19T09:31:49Z">
          <params>
            <param index="0">
              <value>
                <![CDATA[{Right eye Un-aided near=-, Address=E3/414, RAJ NAGAR, ADAMBAKKAM, Use Glass=Yes, If anyother then=Null, Gender=Female, Left eye aided near=-, Type of vehicle=Truck, Right Colour=Normal, Driving experience=Null, Wear Glass=Yes, Right eye aided near=-, Glass Right near cyl=-, Not Emplyeed=Jul, License no=123456794, Lens Type=None, Right eye un-aided Distance=-, Patient Name=KUMUTHA, Refer for=Null, BMI Weight=72, BP Systolic=160, UID=DEL-007, Aadhaar no=785698632522, Type of route=Others, Glass Right near v/a=N24, Caste=SC, Glass Right distance sph=>+6.00, Frame Size=None, Glass Left near axis=-, Salary calculated=Weekly, Do you want refer=No, Right pinhole=-, Type of Coating=None, Glass Right Distance axis=112.0, Left pinhole=-, BMI Height=168, Near by hospital=Yes, Glass Right near sph=-, Monthly Income=3000-5000, Glass Left Distance cyl=-, Alter Skills=NA, Occupation=Others, Glass Left distance sph=-, Mobile no=7845488305, Glass Left near v/a=N24, Traffic light Colors=Null, Left eye un-aided distance=-, Distance Object=Yes, Alcohol=Yes, Glass collected at the point=Yes, Smoke=Yes, Glass Right near axis=-, Glass Left near cyl=-, Screen response code=F - Both Distance and Near vision problem, Non working months=Nothing, Left Colour=Normal, Education=Higher Sec., Months employed=5, Glass Left near sph=-, Eye examin=Yes, Taluk=TALUK7, Refer To=Null, Know about camp=Other drivers, Happy way=Stable Employment, Glass Right Distance cyl=>+6.00, Happy profession=Happy, Left eye aided distance=-, State=Daman and Diu, Financial support=No, Amount paid=None, District=Diu, Road accident 12 Months=Null, Glass Left Distance v/a=1/60, Right eye aided Distance=-, Blood Sugar=500, Glass Right Distance v/a=6/6, Diabeties=Yes, Road accident=Null, First aid kit=NA, Holding back amount=600, Others specify=Null, Alter employment=Yes, Frame code=None, Glass Left Distance axis=159.0, Renewal year=2023, Age=68, Vehicle insurance=Null, Night driving=Null, Hypertension=Yes, Health insurance=Not Known, Renewal month=07, Medical checkup=Yes, Distance driving=Null, Glass Collecting point=GUINDY, Treatment for refraction=Bi-focal, Payment Type=None, Left eye Un-aided near=-, Life insurance=No, Type of hospital=NGO}]]>
              </value>
            </param>
          </params>
          <exception class="org.openqa.selenium.TimeoutException">
            <message>
              <![CDATA[Expected condition failed: waiting for visibility of element located by By.className: android.widget.ImageButton (tried for 35 second(s) with 500 milliseconds interval)]]>
            </message>
            <full-stacktrace>
              <![CDATA[org.openqa.selenium.TimeoutException: Expected condition failed: waiting for visibility of element located by By.className: android.widget.ImageButton (tried for 35 second(s) with 500 milliseconds interval)
at org.openqa.selenium.support.ui.WebDriverWait.timeoutException(WebDriverWait.java:81)
at org.openqa.selenium.support.ui.FluentWait.until(FluentWait.java:271)
at com.pellu.sight.patientinfopage.Patienttestpage.worklistregistration(Patienttestpage.java:117)
at com.pellu.sight.patientinfo.Patienttestcase.registrationscreen(Patienttestcase.java:124)
at com.pellu.sight.patientinfo.Patienttestcase.patientregistration(Patienttestcase.java:62)
at sun.reflect.NativeMethodAccessorImpl.invoke0(Native Method)
at sun.reflect.NativeMethodAccessorImpl.invoke(NativeMethodAccessorImpl.java:62)
at sun.reflect.DelegatingMethodAccessorImpl.invoke(DelegatingMethodAccessorImpl.java:43)
at java.lang.reflect.Method.invoke(Method.java:498)
at org.testng.internal.MethodInvocationHelper.invokeMethod(MethodInvocationHelper.java:124)
at org.testng.internal.Invoker.invokeMethod(Invoker.java:583)
at org.testng.internal.Invoker.invokeTestMethod(Invoker.java:719)
at org.testng.internal.Invoker.invokeTestMethods(Invoker.java:989)
at org.testng.internal.TestMethodWorker.invokeTestMethods(TestMethodWorker.java:125)
at org.testng.internal.TestMethodWorker.run(TestMethodWorker.java:109)
at org.testng.TestRunner.privateRun(TestRunner.java:648)
at org.testng.TestRunner.run(TestRunner.java:505)
at org.testng.SuiteRunner.runTest(SuiteRunner.java:455)
at org.testng.SuiteRunner.runSequentially(SuiteRunner.java:450)
at org.testng.SuiteRunner.privateRun(SuiteRunner.java:415)
at org.testng.SuiteRunner.run(SuiteRunner.java:364)
at org.testng.SuiteRunnerWorker.runSuite(SuiteRunnerWorker.java:52)
at org.testng.SuiteRunnerWorker.run(SuiteRunnerWorker.java:84)
at org.testng.TestNG.runSuitesSequentially(TestNG.java:1208)
at org.testng.TestNG.runSuitesLocally(TestNG.java:1137)
at org.testng.TestNG.runSuites(TestNG.java:1049)
at org.testng.TestNG.run(TestNG.java:1017)
at org.testng.remote.AbstractRemoteTestNG.run(AbstractRemoteTestNG.java:114)
at org.testng.remote.RemoteTestNG.initAndRun(RemoteTestNG.java:251)
at org.testng.remote.RemoteTestNG.main(RemoteTestNG.java:77)
Caused by: org.openqa.selenium.NoSuchElementException: Cannot locate an element using By.className: android.widget.ImageButton
For documentation on this error, please visit: http://seleniumhq.org/exceptions/no_such_element.html
Build info: version: '3.11.0', revision: 'e59cfb3', time: '2018-03-11T20:26:55.152Z'
System info: host: 'DESKTOP-KPGOHHF', ip: '192.168.195.1', os.name: 'Windows 10', os.arch: 'amd64', os.version: '10.0', java.version: '1.8.0_144'
Driver info: driver.version: unknown
at org.openqa.selenium.support.ui.ExpectedConditions.lambda$findElement$0(ExpectedConditions.java:896)
at java.util.Optional.orElseThrow(Optional.java:290)
at org.openqa.selenium.support.ui.ExpectedConditions.findElement(ExpectedConditions.java:895)
at org.openqa.selenium.support.ui.ExpectedConditions.access$000(ExpectedConditions.java:44)
at org.openqa.selenium.support.ui.ExpectedConditions$7.apply(ExpectedConditions.java:206)
at org.openqa.selenium.support.ui.ExpectedConditions$7.apply(ExpectedConditions.java:202)
at org.openqa.selenium.support.ui.FluentWait.until(FluentWait.java:248)
... 28 more
]]>
            </full-stacktrace>
          </exception> <!-- org.openqa.selenium.TimeoutException -->
          <reporter-output>
          </reporter-output>
        </test-method> <!-- patientregistration -->
        <test-method status="PASS" signature="closereport()[pri:0, instance:com.pellu.sight.patientinfo.Patienttestcase@1e397ed7]" name="closereport" is-config="true" duration-ms="32" started-at="2018-09-19T09:31:50Z" finished-at="2018-09-19T09:31:50Z">
          <reporter-output>
          </reporter-output>
        </test-method> <!-- closereport -->
        <test-method status="FAIL" signature="patientregistration(java.util.HashMap)[pri:4, instance:com.pellu.sight.patientinfo.Patienttestcase@1e397ed7]" name="patientregistration" duration-ms="41174" started-at="2018-09-19T09:31:50Z" data-provider="camp" finished-at="2018-09-19T09:32:31Z">
          <params>
            <param index="0">
              <value>
                <![CDATA[{Right eye Un-aided near=N8, Address=E3/414, RAJ NAGAR, ADAMBAKKAM, Use Glass=No, If anyother then=Null, Gender=Male, Left eye aided near=N8, Type of vehicle=Car, Right Colour=-, Driving experience=Null, Wear Glass=No, Right eye aided near=N8, Glass Right near cyl=0.0, Not Emplyeed=Aug, License no=123456795, Lens Type=None, Right eye un-aided Distance=-, Patient Name=UVA, Refer for=Null, BMI Weight=82, BP Systolic=150, UID=DEL-008, Aadhaar no=785698632522, Type of route=Interstate, Glass Right near v/a=-, Caste=ST, Glass Right distance sph=<-6.00, Frame Size=None, Glass Left near axis=-, Salary calculated=Daily, Do you want refer=No, Right pinhole=-, Type of Coating=None, Glass Right Distance axis=151.0, Left pinhole=-, BMI Height=160, Near by hospital=No, Glass Right near sph=-, Monthly Income=5000-10000, Glass Left Distance cyl=<-6.00, Alter Skills=Yes, Occupation=Cleaner, Glass Left distance sph=-, Mobile no=7845488305, Glass Left near v/a=N24, Traffic light Colors=Null, Left eye un-aided distance=-, Distance Object=No, Alcohol=No, Glass collected at the point=Yes, Smoke=No, Glass Right near axis=168.0, Glass Left near cyl=+2.25, Screen response code=G - Both Distance and Color vision problem, Non working months=Take Up Other Work, Left Colour=-, Education=Graduation, Months employed=4, Glass Left near sph=+5.25, Eye examin=No, Taluk=TALUK8, Refer To=Null, Know about camp=Project staff, Happy way=Null, Glass Right Distance cyl=-, Happy profession=Somewhat Happy, Left eye aided distance=-, State=Madhya Pradesh, Financial support=No, Amount paid=None, District=Bhopal, Road accident 12 Months=Null, Glass Left Distance v/a=No PL, Right eye aided Distance=-, Blood Sugar=550, Glass Right Distance v/a=No PL, Diabeties=No, Road accident=Null, First aid kit=Yes, Holding back amount=700, Others specify=Null, Alter employment=NA, Frame code=None, Glass Left Distance axis=-, Renewal year=2024, Age=78, Vehicle insurance=Null, Night driving=Null, Hypertension=No, Health insurance=Yes, Renewal month=08, Medical checkup=No, Distance driving=Null, Glass Collecting point=GUINDY, Treatment for refraction=Distance, Payment Type=None, Left eye Un-aided near=N8, Life insurance=Yes, Type of hospital=Null}]]>
              </value>
            </param>
          </params>
          <exception class="org.openqa.selenium.TimeoutException">
            <message>
              <![CDATA[Expected condition failed: waiting for visibility of element located by By.className: android.widget.ImageButton (tried for 35 second(s) with 500 milliseconds interval)]]>
            </message>
            <full-stacktrace>
              <![CDATA[org.openqa.selenium.TimeoutException: Expected condition failed: waiting for visibility of element located by By.className: android.widget.ImageButton (tried for 35 second(s) with 500 milliseconds interval)
at org.openqa.selenium.support.ui.WebDriverWait.timeoutException(WebDriverWait.java:81)
at org.openqa.selenium.support.ui.FluentWait.until(FluentWait.java:271)
at com.pellu.sight.patientinfopage.Patienttestpage.worklistregistration(Patienttestpage.java:117)
at com.pellu.sight.patientinfo.Patienttestcase.registrationscreen(Patienttestcase.java:124)
at com.pellu.sight.patientinfo.Patienttestcase.patientregistration(Patienttestcase.java:62)
at sun.reflect.NativeMethodAccessorImpl.invoke0(Native Method)
at sun.reflect.NativeMethodAccessorImpl.invoke(NativeMethodAccessorImpl.java:62)
at sun.reflect.DelegatingMethodAccessorImpl.invoke(DelegatingMethodAccessorImpl.java:43)
at java.lang.reflect.Method.invoke(Method.java:498)
at org.testng.internal.MethodInvocationHelper.invokeMethod(MethodInvocationHelper.java:124)
at org.testng.internal.Invoker.invokeMethod(Invoker.java:583)
at org.testng.internal.Invoker.invokeTestMethod(Invoker.java:719)
at org.testng.internal.Invoker.invokeTestMethods(Invoker.java:989)
at org.testng.internal.TestMethodWorker.invokeTestMethods(TestMethodWorker.java:125)
at org.testng.internal.TestMethodWorker.run(TestMethodWorker.java:109)
at org.testng.TestRunner.privateRun(TestRunner.java:648)
at org.testng.TestRunner.run(TestRunner.java:505)
at org.testng.SuiteRunner.runTest(SuiteRunner.java:455)
at org.testng.SuiteRunner.runSequentially(SuiteRunner.java:450)
at org.testng.SuiteRunner.privateRun(SuiteRunner.java:415)
at org.testng.SuiteRunner.run(SuiteRunner.java:364)
at org.testng.SuiteRunnerWorker.runSuite(SuiteRunnerWorker.java:52)
at org.testng.SuiteRunnerWorker.run(SuiteRunnerWorker.java:84)
at org.testng.TestNG.runSuitesSequentially(TestNG.java:1208)
at org.testng.TestNG.runSuitesLocally(TestNG.java:1137)
at org.testng.TestNG.runSuites(TestNG.java:1049)
at org.testng.TestNG.run(TestNG.java:1017)
at org.testng.remote.AbstractRemoteTestNG.run(AbstractRemoteTestNG.java:114)
at org.testng.remote.RemoteTestNG.initAndRun(RemoteTestNG.java:251)
at org.testng.remote.RemoteTestNG.main(RemoteTestNG.java:77)
Caused by: org.openqa.selenium.NoSuchElementException: Cannot locate an element using By.className: android.widget.ImageButton
For documentation on this error, please visit: http://seleniumhq.org/exceptions/no_such_element.html
Build info: version: '3.11.0', revision: 'e59cfb3', time: '2018-03-11T20:26:55.152Z'
System info: host: 'DESKTOP-KPGOHHF', ip: '192.168.195.1', os.name: 'Windows 10', os.arch: 'amd64', os.version: '10.0', java.version: '1.8.0_144'
Driver info: driver.version: unknown
at org.openqa.selenium.support.ui.ExpectedConditions.lambda$findElement$0(ExpectedConditions.java:896)
at java.util.Optional.orElseThrow(Optional.java:290)
at org.openqa.selenium.support.ui.ExpectedConditions.findElement(ExpectedConditions.java:895)
at org.openqa.selenium.support.ui.ExpectedConditions.access$000(ExpectedConditions.java:44)
at org.openqa.selenium.support.ui.ExpectedConditions$7.apply(ExpectedConditions.java:206)
at org.openqa.selenium.support.ui.ExpectedConditions$7.apply(ExpectedConditions.java:202)
at org.openqa.selenium.support.ui.FluentWait.until(FluentWait.java:248)
... 28 more
]]>
            </full-stacktrace>
          </exception> <!-- org.openqa.selenium.TimeoutException -->
          <reporter-output>
          </reporter-output>
        </test-method> <!-- patientregistration -->
        <test-method status="PASS" signature="closereport()[pri:0, instance:com.pellu.sight.patientinfo.Patienttestcase@1e397ed7]" name="closereport" is-config="true" duration-ms="31" started-at="2018-09-19T09:32:32Z" finished-at="2018-09-19T09:32:32Z">
          <reporter-output>
          </reporter-output>
        </test-method> <!-- closereport -->
        <test-method status="FAIL" signature="patientregistration(java.util.HashMap)[pri:4, instance:com.pellu.sight.patientinfo.Patienttestcase@1e397ed7]" name="patientregistration" duration-ms="41441" started-at="2018-09-19T09:32:32Z" data-provider="camp" finished-at="2018-09-19T09:33:14Z">
          <params>
            <param index="0">
              <value>
                <![CDATA[{Right eye Un-aided near=-, Address=E3/414, RAJ NAGAR, ADAMBAKKAM, Use Glass=NA, If anyother then=Null, Gender=Male, Left eye aided near=-, Type of vehicle=Jeep, Right Colour=-, Driving experience=Null, Wear Glass=NA, Right eye aided near=-, Glass Right near cyl=-1.25, Not Emplyeed=Sep, License no=123456796, Lens Type=None, Right eye un-aided Distance=6/9, Patient Name=NARAYANA, Refer for=Null, BMI Weight=93, BP Systolic=130, UID=DEL-009, Aadhaar no=785698632522, Type of route=within city, Glass Right near v/a=N24, Caste=OBC, Glass Right distance sph=-, Frame Size=None, Glass Left near axis=169.0, Salary calculated=Per Trip, Do you want refer=No, Right pinhole=6/9, Type of Coating=None, Glass Right Distance axis=-, Left pinhole=6/9, BMI Height=162, Near by hospital=NA, Glass Right near sph=+1.25, Monthly Income=>10000, Glass Left Distance cyl=+1.75, Alter Skills=NA, Occupation=Mechanic, Glass Left distance sph=+1.0, Mobile no=7845488305, Glass Left near v/a=N24, Traffic light Colors=Null, Left eye un-aided distance=6/9, Distance Object=NA, Alcohol=NA, Glass collected at the point=Yes, Smoke=NA, Glass Right near axis=178.0, Glass Left near cyl=-, Screen response code=H - Both Near and Color vision problem, Non working months=Others, Left Colour=-, Education=PG, Months employed=3, Glass Left near sph=-, Eye examin=NA, Taluk=TALUK9, Refer To=Null, Know about camp=Poster or Pamphlet, Happy way=Null, Glass Right Distance cyl=-, Happy profession=Not Happy, Left eye aided distance=6/9, State=Maharashtra, Financial support=Yes, Amount paid=None, District=Mumbai City, Road accident 12 Months=Null, Glass Left Distance v/a=-, Right eye aided Distance=6/9, Blood Sugar=570, Glass Right Distance v/a=-, Diabeties=NA, Road accident=Null, First aid kit=No, Holding back amount=800, Others specify=Null, Alter employment=No, Frame code=None, Glass Left Distance axis=35.0, Renewal year=2025, Age=88, Vehicle insurance=Null, Night driving=Null, Hypertension=NA, Health insurance=No, Renewal month=09, Medical checkup=NA, Distance driving=Null, Glass Collecting point=GUINDY, Treatment for refraction=Near, Payment Type=None, Left eye Un-aided near=-, Life insurance=No, Type of hospital=Null}]]>
              </value>
            </param>
          </params>
          <exception class="org.openqa.selenium.TimeoutException">
            <message>
              <![CDATA[Expected condition failed: waiting for visibility of element located by By.className: android.widget.ImageButton (tried for 35 second(s) with 500 milliseconds interval)]]>
            </message>
            <full-stacktrace>
              <![CDATA[org.openqa.selenium.TimeoutException: Expected condition failed: waiting for visibility of element located by By.className: android.widget.ImageButton (tried for 35 second(s) with 500 milliseconds interval)
at org.openqa.selenium.support.ui.WebDriverWait.timeoutException(WebDriverWait.java:81)
at org.openqa.selenium.support.ui.FluentWait.until(FluentWait.java:271)
at com.pellu.sight.patientinfopage.Patienttestpage.worklistregistration(Patienttestpage.java:117)
at com.pellu.sight.patientinfo.Patienttestcase.registrationscreen(Patienttestcase.java:124)
at com.pellu.sight.patientinfo.Patienttestcase.patientregistration(Patienttestcase.java:62)
at sun.reflect.NativeMethodAccessorImpl.invoke0(Native Method)
at sun.reflect.NativeMethodAccessorImpl.invoke(NativeMethodAccessorImpl.java:62)
at sun.reflect.DelegatingMethodAccessorImpl.invoke(DelegatingMethodAccessorImpl.java:43)
at java.lang.reflect.Method.invoke(Method.java:498)
at org.testng.internal.MethodInvocationHelper.invokeMethod(MethodInvocationHelper.java:124)
at org.testng.internal.Invoker.invokeMethod(Invoker.java:583)
at org.testng.internal.Invoker.invokeTestMethod(Invoker.java:719)
at org.testng.internal.Invoker.invokeTestMethods(Invoker.java:989)
at org.testng.internal.TestMethodWorker.invokeTestMethods(TestMethodWorker.java:125)
at org.testng.internal.TestMethodWorker.run(TestMethodWorker.java:109)
at org.testng.TestRunner.privateRun(TestRunner.java:648)
at org.testng.TestRunner.run(TestRunner.java:505)
at org.testng.SuiteRunner.runTest(SuiteRunner.java:455)
at org.testng.SuiteRunner.runSequentially(SuiteRunner.java:450)
at org.testng.SuiteRunner.privateRun(SuiteRunner.java:415)
at org.testng.SuiteRunner.run(SuiteRunner.java:364)
at org.testng.SuiteRunnerWorker.runSuite(SuiteRunnerWorker.java:52)
at org.testng.SuiteRunnerWorker.run(SuiteRunnerWorker.java:84)
at org.testng.TestNG.runSuitesSequentially(TestNG.java:1208)
at org.testng.TestNG.runSuitesLocally(TestNG.java:1137)
at org.testng.TestNG.runSuites(TestNG.java:1049)
at org.testng.TestNG.run(TestNG.java:1017)
at org.testng.remote.AbstractRemoteTestNG.run(AbstractRemoteTestNG.java:114)
at org.testng.remote.RemoteTestNG.initAndRun(RemoteTestNG.java:251)
at org.testng.remote.RemoteTestNG.main(RemoteTestNG.java:77)
Caused by: org.openqa.selenium.NoSuchElementException: Cannot locate an element using By.className: android.widget.ImageButton
For documentation on this error, please visit: http://seleniumhq.org/exceptions/no_such_element.html
Build info: version: '3.11.0', revision: 'e59cfb3', time: '2018-03-11T20:26:55.152Z'
System info: host: 'DESKTOP-KPGOHHF', ip: '192.168.195.1', os.name: 'Windows 10', os.arch: 'amd64', os.version: '10.0', java.version: '1.8.0_144'
Driver info: driver.version: unknown
at org.openqa.selenium.support.ui.ExpectedConditions.lambda$findElement$0(ExpectedConditions.java:896)
at java.util.Optional.orElseThrow(Optional.java:290)
at org.openqa.selenium.support.ui.ExpectedConditions.findElement(ExpectedConditions.java:895)
at org.openqa.selenium.support.ui.ExpectedConditions.access$000(ExpectedConditions.java:44)
at org.openqa.selenium.support.ui.ExpectedConditions$7.apply(ExpectedConditions.java:206)
at org.openqa.selenium.support.ui.ExpectedConditions$7.apply(ExpectedConditions.java:202)
at org.openqa.selenium.support.ui.FluentWait.until(FluentWait.java:248)
... 28 more
]]>
            </full-stacktrace>
          </exception> <!-- org.openqa.selenium.TimeoutException -->
          <reporter-output>
          </reporter-output>
        </test-method> <!-- patientregistration -->
        <test-method status="PASS" signature="closereport()[pri:0, instance:com.pellu.sight.patientinfo.Patienttestcase@1e397ed7]" name="closereport" is-config="true" duration-ms="32" started-at="2018-09-19T09:33:15Z" finished-at="2018-09-19T09:33:15Z">
          <reporter-output>
          </reporter-output>
        </test-method> <!-- closereport -->
        <test-method status="FAIL" signature="patientregistration(java.util.HashMap)[pri:4, instance:com.pellu.sight.patientinfo.Patienttestcase@1e397ed7]" name="patientregistration" duration-ms="41061" started-at="2018-09-19T09:33:15Z" data-provider="camp" finished-at="2018-09-19T09:33:56Z">
          <params>
            <param index="0">
              <value>
                <![CDATA[{Right eye Un-aided near=-, Address=E3/414, RAJ NAGAR, ADAMBAKKAM, Use Glass=Yes, If anyother then=Null, Gender=Female, Left eye aided near=-, Type of vehicle=Cabs/Taxis, Right Colour=-, Driving experience=Null, Wear Glass=Yes, Right eye aided near=-, Glass Right near cyl=-, Not Emplyeed=Oct, License no=123456798, Lens Type=-, Right eye un-aided Distance=-, Patient Name=PRIYA, Refer for=-, BMI Weight=109, BP Systolic=135, UID=DEL-010, Aadhaar no=785698632522, Type of route=Others, Glass Right near v/a=-, Caste=General, Glass Right distance sph=-, Frame Size=-, Glass Left near axis=-, Salary calculated=Distance, Do you want refer=-, Right pinhole=-, Type of Coating=-, Glass Right Distance axis=-, Left pinhole=-, BMI Height=163, Near by hospital=Yes, Glass Right near sph=-, Monthly Income=>10000, Glass Left Distance cyl=-, Alter Skills=No, Occupation=Others, Glass Left distance sph=-, Mobile no=7845488305, Glass Left near v/a=-, Traffic light Colors=Null, Left eye un-aided distance=-, Distance Object=Yes, Alcohol=Yes, Glass collected at the point=-, Smoke=Yes, Glass Right near axis=-, Glass Left near cyl=-, Screen response code=A - Screening negative Asymptomatic, Non working months=Nothing, Left Colour=-, Education=Diploma/ITI, Months employed=1, Glass Left near sph=-, Eye examin=Yes, Taluk=TALUK10, Refer To=-, Know about camp=Other, Happy way=Null, Glass Right Distance cyl=-, Happy profession=Somewhat Happy, Left eye aided distance=-, State=Telangana, Financial support=NA, Amount paid=-, District=Medak, Road accident 12 Months=Null, Glass Left Distance v/a=-, Right eye aided Distance=-, Blood Sugar=600, Glass Right Distance v/a=-, Diabeties=Yes, Road accident=Null, First aid kit=NA, Holding back amount=900, Others specify=Null, Alter employment=Yes, Frame code=-, Glass Left Distance axis=-, Renewal year=2026, Age=98, Vehicle insurance=Null, Night driving=Null, Hypertension=Yes, Health insurance=Not Known, Renewal month=10, Medical checkup=Yes, Distance driving=Null, Glass Collecting point=-, Treatment for refraction=-, Payment Type=-, Left eye Un-aided near=-, Life insurance=Yes, Type of hospital=Others}]]>
              </value>
            </param>
          </params>
          <exception class="org.openqa.selenium.TimeoutException">
            <message>
              <![CDATA[Expected condition failed: waiting for visibility of element located by By.className: android.widget.ImageButton (tried for 35 second(s) with 500 milliseconds interval)]]>
            </message>
            <full-stacktrace>
              <![CDATA[org.openqa.selenium.TimeoutException: Expected condition failed: waiting for visibility of element located by By.className: android.widget.ImageButton (tried for 35 second(s) with 500 milliseconds interval)
at org.openqa.selenium.support.ui.WebDriverWait.timeoutException(WebDriverWait.java:81)
at org.openqa.selenium.support.ui.FluentWait.until(FluentWait.java:271)
at com.pellu.sight.patientinfopage.Patienttestpage.worklistregistration(Patienttestpage.java:117)
at com.pellu.sight.patientinfo.Patienttestcase.registrationscreen(Patienttestcase.java:124)
at com.pellu.sight.patientinfo.Patienttestcase.patientregistration(Patienttestcase.java:62)
at sun.reflect.NativeMethodAccessorImpl.invoke0(Native Method)
at sun.reflect.NativeMethodAccessorImpl.invoke(NativeMethodAccessorImpl.java:62)
at sun.reflect.DelegatingMethodAccessorImpl.invoke(DelegatingMethodAccessorImpl.java:43)
at java.lang.reflect.Method.invoke(Method.java:498)
at org.testng.internal.MethodInvocationHelper.invokeMethod(MethodInvocationHelper.java:124)
at org.testng.internal.Invoker.invokeMethod(Invoker.java:583)
at org.testng.internal.Invoker.invokeTestMethod(Invoker.java:719)
at org.testng.internal.Invoker.invokeTestMethods(Invoker.java:989)
at org.testng.internal.TestMethodWorker.invokeTestMethods(TestMethodWorker.java:125)
at org.testng.internal.TestMethodWorker.run(TestMethodWorker.java:109)
at org.testng.TestRunner.privateRun(TestRunner.java:648)
at org.testng.TestRunner.run(TestRunner.java:505)
at org.testng.SuiteRunner.runTest(SuiteRunner.java:455)
at org.testng.SuiteRunner.runSequentially(SuiteRunner.java:450)
at org.testng.SuiteRunner.privateRun(SuiteRunner.java:415)
at org.testng.SuiteRunner.run(SuiteRunner.java:364)
at org.testng.SuiteRunnerWorker.runSuite(SuiteRunnerWorker.java:52)
at org.testng.SuiteRunnerWorker.run(SuiteRunnerWorker.java:84)
at org.testng.TestNG.runSuitesSequentially(TestNG.java:1208)
at org.testng.TestNG.runSuitesLocally(TestNG.java:1137)
at org.testng.TestNG.runSuites(TestNG.java:1049)
at org.testng.TestNG.run(TestNG.java:1017)
at org.testng.remote.AbstractRemoteTestNG.run(AbstractRemoteTestNG.java:114)
at org.testng.remote.RemoteTestNG.initAndRun(RemoteTestNG.java:251)
at org.testng.remote.RemoteTestNG.main(RemoteTestNG.java:77)
Caused by: org.openqa.selenium.NoSuchElementException: Cannot locate an element using By.className: android.widget.ImageButton
For documentation on this error, please visit: http://seleniumhq.org/exceptions/no_such_element.html
Build info: version: '3.11.0', revision: 'e59cfb3', time: '2018-03-11T20:26:55.152Z'
System info: host: 'DESKTOP-KPGOHHF', ip: '192.168.195.1', os.name: 'Windows 10', os.arch: 'amd64', os.version: '10.0', java.version: '1.8.0_144'
Driver info: driver.version: unknown
at org.openqa.selenium.support.ui.ExpectedConditions.lambda$findElement$0(ExpectedConditions.java:896)
at java.util.Optional.orElseThrow(Optional.java:290)
at org.openqa.selenium.support.ui.ExpectedConditions.findElement(ExpectedConditions.java:895)
at org.openqa.selenium.support.ui.ExpectedConditions.access$000(ExpectedConditions.java:44)
at org.openqa.selenium.support.ui.ExpectedConditions$7.apply(ExpectedConditions.java:206)
at org.openqa.selenium.support.ui.ExpectedConditions$7.apply(ExpectedConditions.java:202)
at org.openqa.selenium.support.ui.FluentWait.until(FluentWait.java:248)
... 28 more
]]>
            </full-stacktrace>
          </exception> <!-- org.openqa.selenium.TimeoutException -->
          <reporter-output>
          </reporter-output>
        </test-method> <!-- patientregistration -->
        <test-method status="PASS" signature="closereport()[pri:0, instance:com.pellu.sight.patientinfo.Patienttestcase@1e397ed7]" name="closereport" is-config="true" duration-ms="31" started-at="2018-09-19T09:33:59Z" finished-at="2018-09-19T09:33:59Z">
          <reporter-output>
          </reporter-output>
        </test-method> <!-- closereport -->
        <test-method status="FAIL" signature="patientregistration(java.util.HashMap)[pri:4, instance:com.pellu.sight.patientinfo.Patienttestcase@1e397ed7]" name="patientregistration" duration-ms="40986" started-at="2018-09-19T09:33:59Z" data-provider="camp" finished-at="2018-09-19T09:34:40Z">
          <params>
            <param index="0">
              <value>
                <![CDATA[{Right eye Un-aided near=N8, Address=E3/414, RAJ NAGAR, ADAMBAKKAM, Use Glass=Yes, If anyother then=Ramar clinics, Gender=Male, Left eye aided near=N8, Type of vehicle=Cabs/Taxis, Right Colour=-, Driving experience=Null, Wear Glass=Yes, Right eye aided near=N8, Glass Right near cyl=-, Not Emplyeed=Nov, License no=123456798, Lens Type=-, Right eye un-aided Distance=6/9, Patient Name=RAJ, Refer for=Any Other, BMI Weight=45, BP Systolic=85, UID=DEL-011, Aadhaar no=785698632522, Type of route=Others, Glass Right near v/a=-, Caste=General, Glass Right distance sph=-, Frame Size=-, Glass Left near axis=-, Salary calculated=Per Trip, Do you want refer=Yes, Right pinhole=6/9, Type of Coating=-, Glass Right Distance axis=-, Left pinhole=6/9, BMI Height=172, Near by hospital=Yes, Glass Right near sph=-, Monthly Income=>10000, Glass Left Distance cyl=-, Alter Skills=No, Occupation=Others, Glass Left distance sph=-, Mobile no=7845488305, Glass Left near v/a=-, Traffic light Colors=Null, Left eye un-aided distance=6/9, Distance Object=Yes, Alcohol=Yes, Glass collected at the point=-, Smoke=Yes, Glass Right near axis=-, Glass Left near cyl=-, Screen response code=E - Only Color vision problem, Non working months=Take Up Other Work, Left Colour=-, Education=Others, Months employed=11, Glass Left near sph=-, Eye examin=Yes, Taluk=TALUK11, Refer To=Hospital, Know about camp=Other, Happy way=Null, Glass Right Distance cyl=-, Happy profession=Somewhat Happy, Left eye aided distance=6/9, State=Chandigarh, Financial support=NA, Amount paid=-, District=Chandigarh, Road accident 12 Months=Null, Glass Left Distance v/a=-, Right eye aided Distance=6/9, Blood Sugar=450, Glass Right Distance v/a=-, Diabeties=Yes, Road accident=Null, First aid kit=NA, Holding back amount=1000, Others specify=SELF, Alter employment=Yes, Frame code=-, Glass Left Distance axis=-, Renewal year=2027, Age=58, Vehicle insurance=Null, Night driving=Null, Hypertension=Yes, Health insurance=Not Known, Renewal month=11, Medical checkup=Yes, Distance driving=Null, Glass Collecting point=-, Treatment for refraction=Near, Payment Type=-, Left eye Un-aided near=N8, Life insurance=Yes, Type of hospital=Others}]]>
              </value>
            </param>
          </params>
          <exception class="org.openqa.selenium.TimeoutException">
            <message>
              <![CDATA[Expected condition failed: waiting for visibility of element located by By.className: android.widget.ImageButton (tried for 35 second(s) with 500 milliseconds interval)]]>
            </message>
            <full-stacktrace>
              <![CDATA[org.openqa.selenium.TimeoutException: Expected condition failed: waiting for visibility of element located by By.className: android.widget.ImageButton (tried for 35 second(s) with 500 milliseconds interval)
at org.openqa.selenium.support.ui.WebDriverWait.timeoutException(WebDriverWait.java:81)
at org.openqa.selenium.support.ui.FluentWait.until(FluentWait.java:271)
at com.pellu.sight.patientinfopage.Patienttestpage.worklistregistration(Patienttestpage.java:117)
at com.pellu.sight.patientinfo.Patienttestcase.registrationscreen(Patienttestcase.java:124)
at com.pellu.sight.patientinfo.Patienttestcase.patientregistration(Patienttestcase.java:62)
at sun.reflect.NativeMethodAccessorImpl.invoke0(Native Method)
at sun.reflect.NativeMethodAccessorImpl.invoke(NativeMethodAccessorImpl.java:62)
at sun.reflect.DelegatingMethodAccessorImpl.invoke(DelegatingMethodAccessorImpl.java:43)
at java.lang.reflect.Method.invoke(Method.java:498)
at org.testng.internal.MethodInvocationHelper.invokeMethod(MethodInvocationHelper.java:124)
at org.testng.internal.Invoker.invokeMethod(Invoker.java:583)
at org.testng.internal.Invoker.invokeTestMethod(Invoker.java:719)
at org.testng.internal.Invoker.invokeTestMethods(Invoker.java:989)
at org.testng.internal.TestMethodWorker.invokeTestMethods(TestMethodWorker.java:125)
at org.testng.internal.TestMethodWorker.run(TestMethodWorker.java:109)
at org.testng.TestRunner.privateRun(TestRunner.java:648)
at org.testng.TestRunner.run(TestRunner.java:505)
at org.testng.SuiteRunner.runTest(SuiteRunner.java:455)
at org.testng.SuiteRunner.runSequentially(SuiteRunner.java:450)
at org.testng.SuiteRunner.privateRun(SuiteRunner.java:415)
at org.testng.SuiteRunner.run(SuiteRunner.java:364)
at org.testng.SuiteRunnerWorker.runSuite(SuiteRunnerWorker.java:52)
at org.testng.SuiteRunnerWorker.run(SuiteRunnerWorker.java:84)
at org.testng.TestNG.runSuitesSequentially(TestNG.java:1208)
at org.testng.TestNG.runSuitesLocally(TestNG.java:1137)
at org.testng.TestNG.runSuites(TestNG.java:1049)
at org.testng.TestNG.run(TestNG.java:1017)
at org.testng.remote.AbstractRemoteTestNG.run(AbstractRemoteTestNG.java:114)
at org.testng.remote.RemoteTestNG.initAndRun(RemoteTestNG.java:251)
at org.testng.remote.RemoteTestNG.main(RemoteTestNG.java:77)
Caused by: org.openqa.selenium.NoSuchElementException: Cannot locate an element using By.className: android.widget.ImageButton
For documentation on this error, please visit: http://seleniumhq.org/exceptions/no_such_element.html
Build info: version: '3.11.0', revision: 'e59cfb3', time: '2018-03-11T20:26:55.152Z'
System info: host: 'DESKTOP-KPGOHHF', ip: '192.168.195.1', os.name: 'Windows 10', os.arch: 'amd64', os.version: '10.0', java.version: '1.8.0_144'
Driver info: driver.version: unknown
at org.openqa.selenium.support.ui.ExpectedConditions.lambda$findElement$0(ExpectedConditions.java:896)
at java.util.Optional.orElseThrow(Optional.java:290)
at org.openqa.selenium.support.ui.ExpectedConditions.findElement(ExpectedConditions.java:895)
at org.openqa.selenium.support.ui.ExpectedConditions.access$000(ExpectedConditions.java:44)
at org.openqa.selenium.support.ui.ExpectedConditions$7.apply(ExpectedConditions.java:206)
at org.openqa.selenium.support.ui.ExpectedConditions$7.apply(ExpectedConditions.java:202)
at org.openqa.selenium.support.ui.FluentWait.until(FluentWait.java:248)
... 28 more
]]>
            </full-stacktrace>
          </exception> <!-- org.openqa.selenium.TimeoutException -->
          <reporter-output>
          </reporter-output>
        </test-method> <!-- patientregistration -->
        <test-method status="PASS" signature="closereport()[pri:0, instance:com.pellu.sight.patientinfo.Patienttestcase@1e397ed7]" name="closereport" is-config="true" duration-ms="163" started-at="2018-09-19T09:34:42Z" finished-at="2018-09-19T09:34:42Z">
          <reporter-output>
          </reporter-output>
        </test-method> <!-- closereport -->
        <test-method status="FAIL" signature="patientregistration(java.util.HashMap)[pri:4, instance:com.pellu.sight.patientinfo.Patienttestcase@1e397ed7]" name="patientregistration" duration-ms="40824" started-at="2018-09-19T09:34:42Z" data-provider="camp" finished-at="2018-09-19T09:35:23Z">
          <params>
            <param index="0">
              <value>
                <![CDATA[{Right eye Un-aided near=-, Address=E3/414, RAJ NAGAR, ADAMBAKKAM, Use Glass=No, If anyother then=Null, Gender=Male, Left eye aided near=-, Type of vehicle=Jeep, Right Colour=Normal, Driving experience=Null, Wear Glass=No, Right eye aided near=-, Glass Right near cyl=+6.25, Not Emplyeed=May, License no=123456798, Lens Type=None, Right eye un-aided Distance=6/9, Patient Name=KARTHICKDELL, Refer for=Null, BMI Weight=53, BP Systolic=190, UID=DEL-012, Aadhaar no=785698632522, Type of route=Interstate, Glass Right near v/a=N36, Caste=OBC, Glass Right distance sph=+6.25, Frame Size=None, Glass Left near axis=180.0, Salary calculated=Distance, Do you want refer=No, Right pinhole=6/9, Type of Coating=None, Glass Right Distance axis=180.0, Left pinhole=6/9, BMI Height=176, Near by hospital=No, Glass Right near sph=+6.25, Monthly Income=5000-10000, Glass Left Distance cyl=+6.25, Alter Skills=Yes, Occupation=Cleaner, Glass Left distance sph=+6.25, Mobile no=7845488305, Glass Left near v/a=N36, Traffic light Colors=Null, Left eye un-aided distance=6/9, Distance Object=No, Alcohol=No, Glass collected at the point=Yes, Smoke=No, Glass Right near axis=180.0, Glass Left near cyl=+6.25, Screen response code=D - Only Near vision problem, Non working months=Take Up Other Work, Left Colour=Normal, Education=Never went to school/can read, Months employed=8, Glass Left near sph=+6.25, Eye examin=No, Taluk=TALUK14, Refer To=Null, Know about camp=Poster or Pamphlet, Happy way=Visiting Places, Glass Right Distance cyl=+6.25, Happy profession=Happy, Left eye aided distance=6/9, State=Dadra and Nagar Haveli, Financial support=NA, Amount paid=None, District=Dadra and Nagar Haveli, Road accident 12 Months=Null, Glass Left Distance v/a=FCF, Right eye aided Distance=6/9, Blood Sugar=350, Glass Right Distance v/a=FCF, Diabeties=No, Road accident=Null, First aid kit=Yes, Holding back amount=300, Others specify=Null, Alter employment=No, Frame code=None, Glass Left Distance axis=180.0, Renewal year=2021, Age=28, Vehicle insurance=Null, Night driving=Null, Hypertension=No, Health insurance=Yes, Renewal month=05, Medical checkup=No, Distance driving=Null, Glass Collecting point=GUINDY, Treatment for refraction=Distance, Payment Type=None, Left eye Un-aided near=-, Life insurance=Yes, Type of hospital=Null}]]>
              </value>
            </param>
          </params>
          <exception class="org.openqa.selenium.TimeoutException">
            <message>
              <![CDATA[Expected condition failed: waiting for visibility of element located by By.className: android.widget.ImageButton (tried for 35 second(s) with 500 milliseconds interval)]]>
            </message>
            <full-stacktrace>
              <![CDATA[org.openqa.selenium.TimeoutException: Expected condition failed: waiting for visibility of element located by By.className: android.widget.ImageButton (tried for 35 second(s) with 500 milliseconds interval)
at org.openqa.selenium.support.ui.WebDriverWait.timeoutException(WebDriverWait.java:81)
at org.openqa.selenium.support.ui.FluentWait.until(FluentWait.java:271)
at com.pellu.sight.patientinfopage.Patienttestpage.worklistregistration(Patienttestpage.java:117)
at com.pellu.sight.patientinfo.Patienttestcase.registrationscreen(Patienttestcase.java:124)
at com.pellu.sight.patientinfo.Patienttestcase.patientregistration(Patienttestcase.java:62)
at sun.reflect.NativeMethodAccessorImpl.invoke0(Native Method)
at sun.reflect.NativeMethodAccessorImpl.invoke(NativeMethodAccessorImpl.java:62)
at sun.reflect.DelegatingMethodAccessorImpl.invoke(DelegatingMethodAccessorImpl.java:43)
at java.lang.reflect.Method.invoke(Method.java:498)
at org.testng.internal.MethodInvocationHelper.invokeMethod(MethodInvocationHelper.java:124)
at org.testng.internal.Invoker.invokeMethod(Invoker.java:583)
at org.testng.internal.Invoker.invokeTestMethod(Invoker.java:719)
at org.testng.internal.Invoker.invokeTestMethods(Invoker.java:989)
at org.testng.internal.TestMethodWorker.invokeTestMethods(TestMethodWorker.java:125)
at org.testng.internal.TestMethodWorker.run(TestMethodWorker.java:109)
at org.testng.TestRunner.privateRun(TestRunner.java:648)
at org.testng.TestRunner.run(TestRunner.java:505)
at org.testng.SuiteRunner.runTest(SuiteRunner.java:455)
at org.testng.SuiteRunner.runSequentially(SuiteRunner.java:450)
at org.testng.SuiteRunner.privateRun(SuiteRunner.java:415)
at org.testng.SuiteRunner.run(SuiteRunner.java:364)
at org.testng.SuiteRunnerWorker.runSuite(SuiteRunnerWorker.java:52)
at org.testng.SuiteRunnerWorker.run(SuiteRunnerWorker.java:84)
at org.testng.TestNG.runSuitesSequentially(TestNG.java:1208)
at org.testng.TestNG.runSuitesLocally(TestNG.java:1137)
at org.testng.TestNG.runSuites(TestNG.java:1049)
at org.testng.TestNG.run(TestNG.java:1017)
at org.testng.remote.AbstractRemoteTestNG.run(AbstractRemoteTestNG.java:114)
at org.testng.remote.RemoteTestNG.initAndRun(RemoteTestNG.java:251)
at org.testng.remote.RemoteTestNG.main(RemoteTestNG.java:77)
Caused by: org.openqa.selenium.NoSuchElementException: Cannot locate an element using By.className: android.widget.ImageButton
For documentation on this error, please visit: http://seleniumhq.org/exceptions/no_such_element.html
Build info: version: '3.11.0', revision: 'e59cfb3', time: '2018-03-11T20:26:55.152Z'
System info: host: 'DESKTOP-KPGOHHF', ip: '192.168.195.1', os.name: 'Windows 10', os.arch: 'amd64', os.version: '10.0', java.version: '1.8.0_144'
Driver info: driver.version: unknown
at org.openqa.selenium.support.ui.ExpectedConditions.lambda$findElement$0(ExpectedConditions.java:896)
at java.util.Optional.orElseThrow(Optional.java:290)
at org.openqa.selenium.support.ui.ExpectedConditions.findElement(ExpectedConditions.java:895)
at org.openqa.selenium.support.ui.ExpectedConditions.access$000(ExpectedConditions.java:44)
[...]
          <reporter-output>
          </reporter-output>
        </test-method> <!-- closereport -->
        <test-method status="FAIL" signature="patientregistration(java.util.HashMap)[pri:4, instance:com.pellu.sight.patientinfo.Patienttestcase@1e397ed7]" name="patientregistration" duration-ms="1023" started-at="2018-09-19T09:36:53Z" data-provider="camp" finished-at="2018-09-19T09:36:54Z">
          <params>
            <param index="0">
              <value>
                <![CDATA[{Right eye Un-aided near=N8, Address=E3/414, RAJ NAGAR, ADAMBAKKAM, Use Glass=NA, If anyother then=Null, Gender=Female, Left eye aided near=N8, Type of vehicle=Bus, Right Colour=Normal, Driving experience=7, Wear Glass=NA, Right eye aided near=N8, Glass Right near cyl=-, Not Emplyeed=Mar, License no=123456798, Lens Type=-, Right eye un-aided Distance=6/9, Patient Name=KUMUTHAAPP, Refer for=Glaucoma, BMI Weight=45, BP Systolic=100, UID=DEL-037, Aadhaar no=785698632522, Type of route=Combinations, Glass Right near v/a=-, Caste=BC, Glass Right distance sph=-, Frame Size=-, Glass Left near axis=-, Salary calculated=Daily, Do you want refer=Yes, Right pinhole=6/9, Type of Coating=-, Glass Right Distance axis=-, Left pinhole=6/9, BMI Height=172, Near by hospital=NA, Glass Right near sph=-, Monthly Income=5000-10000, Glass Left Distance cyl=-, Alter Skills=No, Occupation=Driver, Glass Left distance sph=-, Mobile no=7845488305, Glass Left near v/a=-, Traffic light Colors=NA, Left eye un-aided distance=6/9, Distance Object=NA, Alcohol=NA, Glass collected at the point=-, Smoke=NA, Glass Right near axis=-, Glass Left near cyl=-, Screen response code=B - Screening negative but Symptomatic, Non working months=Others, Left Colour=Normal, Education=Higher Sec., Months employed=2, Glass Left near sph=-, Eye examin=NA, Taluk=TALUK39, Refer To=Hospital, Know about camp=Other drivers, Happy way=Null, Glass Right Distance cyl=-, Happy profession=Not Happy, Left eye aided distance=6/9, State=Tripura, Financial support=No, Amount paid=-, District=Khowai, Road accident 12 Months=NA, Glass Left Distance v/a=-, Right eye aided Distance=6/9, Blood Sugar=450, Glass Right Distance v/a=-, Diabeties=NA, Road accident=NA, First aid kit=No, Holding back amount=100, Others specify=Null, Alter employment=No, Frame code=-, Glass Left Distance axis=-, Renewal year=2019, Age=68, Vehicle insurance=Yes, Night driving=NA, Hypertension=NA, Health insurance=No, Renewal month=03, Medical checkup=NA, Distance driving=NA, Glass Collecting point=-, Treatment for refraction=Bi-focal, Payment Type=-, Left eye Un-aided near=N8, Life insurance=Yes, Type of hospital=Null}]]>
              </value>
            </param>
          </params>
          <exception class="org.openqa.selenium.WebDriverException">
            <message>
              <![CDATA[Connection refused: connect
Build info: version: '3.11.0', revision: 'e59cfb3', time: '2018-03-11T20:26:55.152Z'
System info: host: 'DESKTOP-KPGOHHF', ip: '192.168.195.1', os.name: 'Windows 10', os.arch: 'amd64', os.version: '10.0', java.version: '1.8.0_144'
Driver info: driver.version: AppiumDriver]]>
            </message>
            <full-stacktrace>
              <![CDATA[org.openqa.selenium.WebDriverException: Connection refused: connect
Build info: version: '3.11.0', revision: 'e59cfb3', time: '2018-03-11T20:26:55.152Z'
System info: host: 'DESKTOP-KPGOHHF', ip: '192.168.195.1', os.name: 'Windows 10', os.arch: 'amd64', os.version: '10.0', java.version: '1.8.0_144'
Driver info: driver.version: AppiumDriver
at io.appium.java_client.remote.AppiumCommandExecutor.lambda$2(AppiumCommandExecutor.java:141)
at java.util.Optional.orElseGet(Optional.java:267)
at io.appium.java_client.remote.AppiumCommandExecutor.execute(AppiumCommandExecutor.java:140)
at org.openqa.selenium.remote.RemoteWebDriver.execute(RemoteWebDriver.java:545)
at io.appium.java_client.DefaultGenericMobileDriver.execute(DefaultGenericMobileDriver.java:42)
at io.appium.java_client.AppiumDriver.execute(AppiumDriver.java:1)
at io.appium.java_client.android.AndroidDriver.execute(AndroidDriver.java:1)
at org.openqa.selenium.remote.RemoteWebDriver.findElements(RemoteWebDriver.java:346)
at io.appium.java_client.DefaultGenericMobileDriver.findElements(DefaultGenericMobileDriver.java:54)
at io.appium.java_client.AppiumDriver.findElements(AppiumDriver.java:152)
at org.openqa.selenium.remote.RemoteWebDriver.findElementsByClassName(RemoteWebDriver.java:409)
at io.appium.java_client.DefaultGenericMobileDriver.findElementsByClassName(DefaultGenericMobileDriver.java:130)
at io.appium.java_client.AppiumDriver.findElementsByClassName(AppiumDriver.java:176)
at org.openqa.selenium.By$ByClassName.findElements(By.java:383)
at org.openqa.selenium.remote.RemoteWebDriver.findElements(RemoteWebDriver.java:307)
at io.appium.java_client.DefaultGenericMobileDriver.findElements(DefaultGenericMobileDriver.java:50)
at io.appium.java_client.AppiumDriver.findElements(AppiumDriver.java:148)
at org.openqa.selenium.support.ui.ExpectedConditions.findElement(ExpectedConditions.java:895)
at org.openqa.selenium.support.ui.ExpectedConditions.access$000(ExpectedConditions.java:44)
at org.openqa.selenium.support.ui.ExpectedConditions$7.apply(ExpectedConditions.java:206)
at org.openqa.selenium.support.ui.ExpectedConditions$7.apply(ExpectedConditions.java:202)
at org.openqa.selenium.support.ui.FluentWait.until(FluentWait.java:248)
at com.pellu.sight.patientinfopage.Patienttestpage.worklistregistration(Patienttestpage.java:117)
at com.pellu.sight.patientinfo.Patienttestcase.registrationscreen(Patienttestcase.java:124)
at com.pellu.sight.patientinfo.Patienttestcase.patientregistration(Patienttestcase.java:62)
at sun.reflect.GeneratedMethodAccessor34.invoke(Unknown Source)
at sun.reflect.DelegatingMethodAccessorImpl.invoke(DelegatingMethodAccessorImpl.java:43)
at java.lang.reflect.Method.invoke(Method.java:498)
at org.testng.internal.MethodInvocationHelper.invokeMethod(MethodInvocationHelper.java:124)
at org.testng.internal.Invoker.invokeMethod(Invoker.java:583)
at org.testng.internal.Invoker.invokeTestMethod(Invoker.java:719)
at org.testng.internal.Invoker.invokeTestMethods(Invoker.java:989)
at org.testng.internal.TestMethodWorker.invokeTestMethods(TestMethodWorker.java:125)
at org.testng.internal.TestMethodWorker.run(TestMethodWorker.java:109)
at org.testng.TestRunner.privateRun(TestRunner.java:648)
at org.testng.TestRunner.run(TestRunner.java:505)
at org.testng.SuiteRunner.runTest(SuiteRunner.java:455)
at org.testng.SuiteRunner.runSequentially(SuiteRunner.java:450)
at org.testng.SuiteRunner.privateRun(SuiteRunner.java:415)
at org.testng.SuiteRunner.run(SuiteRunner.java:364)
at org.testng.SuiteRunnerWorker.runSuite(SuiteRunnerWorker.java:52)
at org.testng.SuiteRunnerWorker.run(SuiteRunnerWorker.java:84)
at org.testng.TestNG.runSuitesSequentially(TestNG.java:1208)
at org.testng.TestNG.runSuitesLocally(TestNG.java:1137)
at org.testng.TestNG.runSuites(TestNG.java:1049)
at org.testng.TestNG.run(TestNG.java:1017)
at org.testng.remote.AbstractRemoteTestNG.run(AbstractRemoteTestNG.java:114)
at org.testng.remote.RemoteTestNG.initAndRun(RemoteTestNG.java:251)
at org.testng.remote.RemoteTestNG.main(RemoteTestNG.java:77)
Caused by: java.net.ConnectException: Connection refused: connect
at java.net.DualStackPlainSocketImpl.waitForConnect(Native Method)
at java.net.DualStackPlainSocketImpl.socketConnect(DualStackPlainSocketImpl.java:85)
at java.net.AbstractPlainSocketImpl.doConnect(AbstractPlainSocketImpl.java:350)
at java.net.AbstractPlainSocketImpl.connectToAddress(AbstractPlainSocketImpl.java:204)
at java.net.AbstractPlainSocketImpl.connect(AbstractPlainSocketImpl.java:188)
at java.net.PlainSocketImpl.connect(PlainSocketImpl.java:172)
at java.net.SocksSocketImpl.connect(SocksSocketImpl.java:392)
at java.net.Socket.connect(Socket.java:589)
at org.apache.http.conn.socket.PlainConnectionSocketFactory.connectSocket(PlainConnectionSocketFactory.java:75)
at org.apache.http.impl.conn.DefaultHttpClientConnectionOperator.connect(DefaultHttpClientConnectionOperator.java:142)
at org.apache.http.impl.conn.PoolingHttpClientConnectionManager.connect(PoolingHttpClientConnectionManager.java:359)
at org.apache.http.impl.execchain.MainClientExec.establishRoute(MainClientExec.java:381)
at org.apache.http.impl.execchain.MainClientExec.execute(MainClientExec.java:237)
at org.apache.http.impl.execchain.ProtocolExec.execute(ProtocolExec.java:185)
at org.apache.http.impl.execchain.RetryExec.execute(RetryExec.java:89)
at org.apache.http.impl.execchain.RedirectExec.execute(RedirectExec.java:111)
at org.apache.http.impl.client.InternalHttpClient.doExecute(InternalHttpClient.java:185)
at org.apache.http.impl.client.CloseableHttpClient.execute(CloseableHttpClient.java:72)
at org.apache.http.impl.client.CloseableHttpClient.execute(CloseableHttpClient.java:56)
at org.openqa.selenium.remote.internal.ApacheHttpClient.fallBackExecute(ApacheHttpClient.java:150)
at org.openqa.selenium.remote.internal.ApacheHttpClient.execute(ApacheHttpClient.java:92)
at org.openqa.selenium.remote.HttpCommandExecutor.execute(HttpCommandExecutor.java:155)
at io.appium.java_client.remote.AppiumCommandExecutor.execute(AppiumCommandExecutor.java:129)
... 46 more
]]>
            </full-stacktrace>
          </exception> <!-- org.openqa.selenium.WebDriverException -->
          <reporter-output>
          </reporter-output>
        </test-method> <!-- patientregistration -->
        <test-method status="PASS" signature="closereport()[pri:0, instance:com.pellu.sight.patientinfo.Patienttestcase@1e397ed7]" name="closereport" is-config="true" duration-ms="32" started-at="2018-09-19T09:36:55Z" finished-at="2018-09-19T09:36:55Z">
          <reporter-output>
          </reporter-output>
        </test-method> <!-- closereport -->
        <test-method status="FAIL" signature="patientregistration(java.util.HashMap)[pri:4, instance:com.pellu.sight.patientinfo.Patienttestcase@1e397ed7]" name="patientregistration" duration-ms="1036" started-at="2018-09-19T09:36:55Z" data-provider="camp" finished-at="2018-09-19T09:36:56Z">
          <params>
            <param index="0">
              <value>
                <![CDATA[{Right eye Un-aided near=N8, Address=E3/414, RAJ NAGAR, ADAMBAKKAM, Use Glass=Yes, If anyother then=Null, Gender=Male, Left eye aided near=N8, Type of vehicle=Car, Right Colour=Normal, Driving experience=Null, Wear Glass=Yes, Right eye aided near=N8, Glass Right near cyl=-6.25, Not Emplyeed=Apr, License no=123456798, Lens Type=None, Right eye un-aided Distance=-, Patient Name=UVAAPP, Refer for=Diabetic Retinopathy, BMI Weight=52, BP Systolic=130, UID=DEL-038, Aadhaar no=785698632522, Type of route=Intrastate, Glass Right near v/a=N1, Caste=ST, Glass Right distance sph=-6.25, Frame Size=None, Glass Left near axis=20.0, Salary calculated=Per Trip, Do you want refer=Yes, Right pinhole=-, Type of Coating=None, Glass Right Distance axis=10.0, Left pinhole=-, BMI Height=179, Near by hospital=Yes, Glass Right near sph=-6.25, Monthly Income=3000-5000, Glass Left Distance cyl=-6.25, Alter Skills=NA, Occupation=Others, Glass Left distance sph=-6.25, Mobile no=7845488305, Glass Left near v/a=N1, Traffic light Colors=Null, Left eye un-aided distance=-, Distance Object=Yes, Alcohol=Yes, Glass collected at the point=Yes, Smoke=Yes, Glass Right near axis=20.0, Glass Left near cyl=-6.25, Screen response code=C - Only Distance vision problem, Non working months=Nothing, Left Colour=Normal, Education=Never went to school/cannot read, Months employed=9, Glass Left near sph=-6.25, Eye examin=Yes, Taluk=TALUK40, Refer To=Hospital, Know about camp=Project staff, Happy way=Adequate Freedom, Glass Right Distance cyl=-6.25, Happy profession=Happy, Left eye aided distance=-, State=Uttarakhand, Financial support=NA, Amount paid=None, District=Haridwar, Road accident 12 Months=Null, Glass Left Distance v/a=6/60, Right eye aided Distance=-, Blood Sugar=250, Glass Right Distance v/a=6/60, Diabeties=Yes, Road accident=Null, First aid kit=NA, Holding back amount=200, Others specify=Null, Alter employment=NA, Frame code=None, Glass Left Distance axis=20.0, Renewal year=2020, Age=78, Vehicle insurance=Null, Night driving=Null, Hypertension=Yes, Health insurance=Not Known, Renewal month=04, Medical checkup=Yes, Distance driving=Null, Glass Collecting point=GUINDY, Treatment for refraction=Distance, Payment Type=None, Left eye Un-aided near=N8, Life insurance=No, Type of hospital=Govt}]]>
              </value>
            </param>
          </params>
          <exception class="org.openqa.selenium.WebDriverException">
            <message>
              <![CDATA[Connection refused: connect
Build info: version: '3.11.0', revision: 'e59cfb3', time: '2018-03-11T20:26:55.152Z'
System info: host: 'DESKTOP-KPGOHHF', ip: '192.168.195.1', os.name: 'Windows 10', os.arch: 'amd64', os.version: '10.0', java.version: '1.8.0_144'
Driver info: driver.version: AppiumDriver]]>
            </message>
            <full-stacktrace>
              <![CDATA[org.openqa.selenium.WebDriverException: Connection refused: connect
Build info: version: '3.11.0', revision: 'e59cfb3', time: '2018-03-11T20:26:55.152Z'
System info: host: 'DESKTOP-KPGOHHF', ip: '192.168.195.1', os.name: 'Windows 10', os.arch: 'amd64', os.version: '10.0', java.version: '1.8.0_144'
Driver info: driver.version: AppiumDriver
at io.appium.java_client.remote.AppiumCommandExecutor.lambda$2(AppiumCommandExecutor.java:141)
at java.util.Optional.orElseGet(Optional.java:267)
at io.appium.java_client.remote.AppiumCommandExecutor.execute(AppiumCommandExecutor.java:140)
at org.openqa.selenium.remote.RemoteWebDriver.execute(RemoteWebDriver.java:545)
at io.appium.java_client.DefaultGenericMobileDriver.execute(DefaultGenericMobileDriver.java:42)
at io.appium.java_client.AppiumDriver.execute(AppiumDriver.java:1)
at io.appium.java_client.android.AndroidDriver.execute(AndroidDriver.java:1)
at org.openqa.selenium.remote.RemoteWebDriver.findElements(RemoteWebDriver.java:346)
at io.appium.java_client.DefaultGenericMobileDriver.findElements(DefaultGenericMobileDriver.java:54)
at io.appium.java_client.AppiumDriver.findElements(AppiumDriver.java:152)
at org.openqa.selenium.remote.RemoteWebDriver.findElementsByClassName(RemoteWebDriver.java:409)
at io.appium.java_client.DefaultGenericMobileDriver.findElementsByClassName(DefaultGenericMobileDriver.java:130)
at io.appium.java_client.AppiumDriver.findElementsByClassName(AppiumDriver.java:176)
at org.openqa.selenium.By$ByClassName.findElements(By.java:383)
at org.openqa.selenium.remote.RemoteWebDriver.findElements(RemoteWebDriver.java:307)
at io.appium.java_client.DefaultGenericMobileDriver.findElements(DefaultGenericMobileDriver.java:50)
at io.appium.java_client.AppiumDriver.findElements(AppiumDriver.java:148)
at org.openqa.selenium.support.ui.ExpectedConditions.findElement(ExpectedConditions.java:895)
at org.openqa.selenium.support.ui.ExpectedConditions.access$000(ExpectedConditions.java:44)
at org.openqa.selenium.support.ui.ExpectedConditions$7.apply(ExpectedConditions.java:206)
at org.openqa.selenium.support.ui.ExpectedConditions$7.apply(ExpectedConditions.java:202)
at org.openqa.selenium.support.ui.FluentWait.until(FluentWait.java:248)
at com.pellu.sight.patientinfopage.Patienttestpage.worklistregistration(Patienttestpage.java:117)
at com.pellu.sight.patientinfo.Patienttestcase.registrationscreen(Patienttestcase.java:124)
at com.pellu.sight.patientinfo.Patienttestcase.patientregistration(Patienttestcase.java:62)
at sun.reflect.GeneratedMethodAccessor34.invoke(Unknown Source)
at sun.reflect.DelegatingMethodAccessorImpl.invoke(DelegatingMethodAccessorImpl.java:43)
at java.lang.reflect.Method.invoke(Method.java:498)
at org.testng.internal.MethodInvocationHelper.invokeMethod(MethodInvocationHelper.java:124)
at org.testng.internal.Invoker.invokeMethod(Invoker.java:583)
at org.testng.internal.Invoker.invokeTestMethod(Invoker.java:719)
at org.testng.internal.Invoker.invokeTestMethods(Invoker.java:989)
at org.testng.internal.TestMethodWorker.invokeTestMethods(TestMethodWorker.java:125)
at org.testng.internal.TestMethodWorker.run(TestMethodWorker.java:109)
at org.testng.TestRunner.privateRun(TestRunner.java:648)
at org.testng.TestRunner.run(TestRunner.java:505)
at org.testng.SuiteRunner.runTest(SuiteRunner.java:455)
at org.testng.SuiteRunner.runSequentially(SuiteRunner.java:450)
at org.testng.SuiteRunner.privateRun(SuiteRunner.java:415)
at org.testng.SuiteRunner.run(SuiteRunner.java:364)
at org.testng.SuiteRunnerWorker.runSuite(SuiteRunnerWorker.java:52)
at org.testng.SuiteRunnerWorker.run(SuiteRunnerWorker.java:84)
at org.testng.TestNG.runSuitesSequentially(TestNG.java:1208)
at org.testng.TestNG.runSuitesLocally(TestNG.java:1137)
at org.testng.TestNG.runSuites(TestNG.java:1049)
at org.testng.TestNG.run(TestNG.java:1017)
at org.testng.remote.AbstractRemoteTestNG.run(AbstractRemoteTestNG.java:114)
at org.testng.remote.RemoteTestNG.initAndRun(RemoteTestNG.java:251)
at org.testng.remote.RemoteTestNG.main(RemoteTestNG.java:77)
Caused by: java.net.ConnectException: Connection refused: connect
at java.net.DualStackPlainSocketImpl.waitForConnect(Native Method)
at java.net.DualStackPlainSocketImpl.socketConnect(DualStackPlainSocketImpl.java:85)
at java.net.AbstractPlainSocketImpl.doConnect(AbstractPlainSocketImpl.java:350)
at java.net.AbstractPlainSocketImpl.connectToAddress(AbstractPlainSocketImpl.java:204)
at java.net.AbstractPlainSocketImpl.connect(AbstractPlainSocketImpl.java:188)
at java.net.PlainSocketImpl.connect(PlainSocketImpl.java:172)
at java.net.SocksSocketImpl.connect(SocksSocketImpl.java:392)
at java.net.Socket.connect(Socket.java:589)
at org.apache.http.conn.socket.PlainConnectionSocketFactory.connectSocket(PlainConnectionSocketFactory.java:75)
at org.apache.http.impl.conn.DefaultHttpClientConnectionOperator.connect(DefaultHttpClientConnectionOperator.java:142)
at org.apache.http.impl.conn.PoolingHttpClientConnectionManager.connect(PoolingHttpClientConnectionManager.java:359)
at org.apache.http.impl.execchain.MainClientExec.establishRoute(MainClientExec.java:381)
at org.apache.http.impl.execchain.MainClientExec.execute(MainClientExec.java:237)
at org.apache.http.impl.execchain.ProtocolExec.execute(ProtocolExec.java:185)
at org.apache.http.impl.execchain.RetryExec.execute(RetryExec.java:89)
at org.apache.http.impl.execchain.RedirectExec.execute(RedirectExec.java:111)
at org.apache.http.impl.client.InternalHttpClient.doExecute(InternalHttpClient.java:185)
at org.apache.http.impl.client.CloseableHttpClient.execute(CloseableHttpClient.java:72)
at org.apache.http.impl.client.CloseableHttpClient.execute(CloseableHttpClient.java:56)
at org.openqa.selenium.remote.internal.ApacheHttpClient.fallBackExecute(ApacheHttpClient.java:150)
at org.openqa.selenium.remote.internal.ApacheHttpClient.execute(ApacheHttpClient.java:92)
at org.openqa.selenium.remote.HttpCommandExecutor.execute(HttpCommandExecutor.java:155)
at io.appium.java_client.remote.AppiumCommandExecutor.execute(AppiumCommandExecutor.java:129)
... 46 more
]]>
            </full-stacktrace>
          </exception> <!-- org.openqa.selenium.WebDriverException -->
          <reporter-output>
          </reporter-output>
        </test-method> <!-- patientregistration -->
        <test-method status="PASS" signature="closereport()[pri:0, instance:com.pellu.sight.patientinfo.Patienttestcase@1e397ed7]" name="closereport" is-config="true" duration-ms="199" started-at="2018-09-19T09:36:57Z" finished-at="2018-09-19T09:36:57Z">
          <reporter-output>
          </reporter-output>
        </test-method> <!-- closereport -->
      </class> <!-- com.pellu.sight.patientinfo.Patienttestcase -->
    </test> <!-- Test -->
  </suite> <!-- Suite -->
</testng-results>
