<?xml version="1.0" encoding="UTF-8"?>
<!-- Generated by org.testng.reporters.JUnitXMLReporter -->
<testsuite hostname="DESKTOP-KPGOHHF" ignored="6" name="Test(failed)" tests="8" failures="1" timestamp="05 Sep 2018 10:47:18 GMT" time="0.933" errors="0">
  <testcase name="@AfterMethod closereport" time="0.0" classname="com.pellu.sight.patientinfo.Patienttestcase">
    <failure type="java.lang.NullPointerException">
      <![CDATA[java.lang.NullPointerException
	at com.pellu.sight.patientinfo.Patienttestcase.closereport(Patienttestcase.java:227)
... Removed 27 stack frames]]>
    </failure>
  </testcase> <!-- @AfterMethod closereport -->
  <testcase name="@AfterMethod closereport" time="0.0" classname="com.pellu.sight.patientinfo.Patienttestcase">
    <skipped/>
  </testcase> <!-- @AfterMethod closereport -->
  <testcase name="@AfterMethod closereport" time="0.0" classname="com.pellu.sight.patientinfo.Patienttestcase">
    <skipped/>
  </testcase> <!-- @AfterMethod closereport -->
  <testcase name="@AfterMethod closereport" time="0.0" classname="com.pellu.sight.patientinfo.Patienttestcase">
    <skipped/>
  </testcase> <!-- @AfterMethod closereport -->
  <testcase name="@AfterMethod closereport" time="0.0" classname="com.pellu.sight.patientinfo.Patienttestcase">
    <skipped/>
  </testcase> <!-- @AfterMethod closereport -->
  <testcase name="@AfterMethod closereport" time="0.0" classname="com.pellu.sight.patientinfo.Patienttestcase">
    <skipped/>
  </testcase> <!-- @AfterMethod closereport -->
  <testcase name="@AfterMethod closereport" time="0.0" classname="com.pellu.sight.patientinfo.Patienttestcase">
    <skipped/>
  </testcase> <!-- @AfterMethod closereport -->
  <testcase name="@AfterMethod closereport" time="0.0" classname="com.pellu.sight.patientinfo.Patienttestcase">
    <skipped/>
  </testcase> <!-- @AfterMethod closereport -->
  <testcase name="patientregistration" time="0.016" classname="com.pellu.sight.patientinfo.Patienttestcase">
    <failure type="java.lang.NullPointerException">
      <![CDATA[java.lang.NullPointerException
	at com.pellu.sight.patientinfo.Patienttestcase.patientregistration(Patienttestcase.java:61)
... Removed 25 stack frames]]>
    </failure>
  </testcase> <!-- patientregistration -->
  <testcase name="patientregistration" time="0.0" classname="com.pellu.sight.patientinfo.Patienttestcase">
    <skipped/>
  </testcase> <!-- patientregistration -->
  <testcase name="patientregistration" time="0.0" classname="com.pellu.sight.patientinfo.Patienttestcase">
    <skipped/>
  </testcase> <!-- patientregistration -->
  <testcase name="patientregistration" time="0.0" classname="com.pellu.sight.patientinfo.Patienttestcase">
    <skipped/>
  </testcase> <!-- patientregistration -->
  <testcase name="patientregistration" time="0.0" classname="com.pellu.sight.patientinfo.Patienttestcase">
    <skipped/>
  </testcase> <!-- patientregistration -->
  <testcase name="patientregistration" time="0.0" classname="com.pellu.sight.patientinfo.Patienttestcase">
    <skipped/>
  </testcase> <!-- patientregistration -->
  <testcase name="patientregistration" time="0.0" classname="com.pellu.sight.patientinfo.Patienttestcase">
    <skipped/>
  </testcase> <!-- patientregistration -->
  <testcase name="patientregistration" time="0.0" classname="com.pellu.sight.patientinfo.Patienttestcase">
    <skipped/>
  </testcase> <!-- patientregistration -->
  <testcase name="multipatientglass" time="0.0" classname="com.pellu.sight.patientinfo.Patienttestcase">
    <ignored/>
  </testcase> <!-- multipatientglass -->
  <testcase name="initialization" time="0.0" classname="com.pellu.sight.patientinfo.Patienttestcase">
    <ignored/>
  </testcase> <!-- initialization -->
  <testcase name="multipatientregistration" time="0.0" classname="com.pellu.sight.patientinfo.Patienttestcase">
    <ignored/>
  </testcase> <!-- multipatientregistration -->
  <testcase name="campdetailscreen" time="0.0" classname="com.pellu.sight.patientinfo.Patienttestcase">
    <ignored/>
  </testcase> <!-- campdetailscreen -->
  <testcase name="login" time="0.0" classname="com.pellu.sight.patientinfo.Patienttestcase">
    <ignored/>
  </testcase> <!-- login -->
  <testcase name="multipatientcasesheet" time="0.0" classname="com.pellu.sight.patientinfo.Patienttestcase">
    <ignored/>
  </testcase> <!-- multipatientcasesheet -->
</testsuite> <!-- Test(failed) -->
