<?xml version="1.0" encoding="UTF-8"?>
<!-- Generated by org.testng.reporters.JUnitXMLReporter -->
<testsuite hostname="DESKTOP-KPGOHHF" ignored="3" name="Patient screening" tests="4" failures="2" timestamp="30 Aug 2018 11:33:50 GMT" time="1.116" errors="0">
  <testcase name="@AfterMethod closereport" time="0.0" classname="com.pellu.sight.patientinfo.Patienttestcase">
    <failure type="java.lang.NullPointerException">
      <![CDATA[java.lang.NullPointerException
	at com.pellu.sight.patientinfo.Patienttestcase.closereport(Patienttestcase.java:196)
... Removed 27 stack frames]]>
    </failure>
  </testcase> <!-- @AfterMethod closereport -->
  <testcase name="@AfterMethod closereport" time="0.0" classname="com.pellu.sight.patientinfo.Patienttestcase">
    <skipped/>
  </testcase> <!-- @AfterMethod closereport -->
  <testcase name="initialization" time="0.0" classname="com.pellu.sight.patientinfo.Patienttestcase">
    <failure type="org.testng.TestNGException" message="
Parameter &amp;apos;patientregis&amp;apos; is required by @Test on method initialization but has not been marked @Optional or defined
in C:\Seleniumwork\workspace\Sightsaverwindow\Multipatiregis.xml">
      <![CDATA[org.testng.TestNGException: 
Parameter 'patientregis' is required by @Test on method initialization but has not been marked @Optional or defined
in C:\Seleniumwork\workspace\Sightsaverwindow\Multipatiregis.xml
... Removed 23 stack frames]]>
    </failure>
  </testcase> <!-- initialization -->
  <testcase name="login" time="0.0" classname="com.pellu.sight.patientinfo.Patienttestcase">
    <failure type="java.lang.NullPointerException">
      <![CDATA[java.lang.NullPointerException
	at com.pellu.sight.patientinfo.Patienttestcase.login(Patienttestcase.java:38)
... Removed 25 stack frames]]>
    </failure>
  </testcase> <!-- login -->
  <testcase name="campdetailscreen" time="0.0" classname="com.pellu.sight.patientinfo.Patienttestcase">
    <skipped/>
  </testcase> <!-- campdetailscreen -->
  <testcase name="multipatientregistration" time="0.0" classname="com.pellu.sight.patientinfo.Patienttestcase">
    <skipped/>
  </testcase> <!-- multipatientregistration -->
  <testcase name="multipatientglass" time="0.0" classname="com.pellu.sight.patientinfo.Patienttestcase">
    <ignored/>
  </testcase> <!-- multipatientglass -->
  <testcase name="patientregistration" time="0.0" classname="com.pellu.sight.patientinfo.Patienttestcase">
    <ignored/>
  </testcase> <!-- patientregistration -->
  <testcase name="multipatientcasesheet" time="0.0" classname="com.pellu.sight.patientinfo.Patienttestcase">
    <ignored/>
  </testcase> <!-- multipatientcasesheet -->
</testsuite> <!-- Patient screening -->
